{"/Users/charliehou/workspace/core/web/app/frontend/App.tsx": {"path":"/Users/charliehou/workspace/core/web/app/frontend/App.tsx","statementMap":{"0":{"start":{"line":10,"column":13},"end":{"line":10,"column":132}},"1":{"start":{"line":12,"column":16},"end":{"line":12,"column":29}},"2":{"start":{"line":14,"column":18},"end":{"line":14,"column":102}},"3":{"start":{"line":17,"column":1},"end":{"line":17,"column":64}},"4":{"start":{"line":18,"column":1},"end":{"line":18,"column":54}},"5":{"start":{"line":22,"column":1},"end":{"line":22,"column":7}},"6":{"start":{"line":23,"column":1},"end":{"line":27,"column":3}}},"fnMap":{"0":{"name":"get","decl":{"start":{"line":16,"column":9},"end":{"line":16,"column":12}},"loc":{"start":{"line":16,"column":15},"end":{"line":19,"column":1}},"line":16},"1":{"name":"App","decl":{"start":{"line":21,"column":24},"end":{"line":21,"column":27}},"loc":{"start":{"line":21,"column":30},"end":{"line":28,"column":1}},"line":21}},"branchMap":{"0":{"loc":{"start":{"line":10,"column":13},"end":{"line":10,"column":132}},"type":"cond-expr","locations":[{"start":{"line":10,"column":37},"end":{"line":10,"column":87}},{"start":{"line":10,"column":90},"end":{"line":10,"column":132}}],"line":10}},"s":{"0":1,"1":1,"2":1,"3":2,"4":2,"5":2,"6":2},"f":{"0":2,"1":2},"b":{"0":[0,1]},"_coverageSchema":"1a1c01bbd47fc00a2c39e90264f33305004495a9","hash":"8c0c6e6f52dfc6c18367fb50968c982afc4f6c6e"}
,"/Users/charliehou/workspace/core/web/app/frontend/src/components/DateModal.tsx": {"path":"/Users/charliehou/workspace/core/web/app/frontend/src/components/DateModal.tsx","statementMap":{"0":{"start":{"line":7,"column":28},"end":{"line":7,"column":134}},"1":{"start":{"line":9,"column":32},"end":{"line":9,"column":47}},"2":{"start":{"line":11,"column":17},"end":{"line":11,"column":38}},"3":{"start":{"line":11,"column":23},"end":{"line":11,"column":38}},"4":{"start":{"line":12,"column":17},"end":{"line":12,"column":39}},"5":{"start":{"line":12,"column":23},"end":{"line":12,"column":39}},"6":{"start":{"line":16,"column":4},"end":{"line":32,"column":5}},"7":{"start":{"line":17,"column":8},"end":{"line":21,"column":9}},"8":{"start":{"line":20,"column":38},"end":{"line":20,"column":73}},"9":{"start":{"line":23,"column":8},"end":{"line":31,"column":9}},"10":{"start":{"line":27,"column":20},"end":{"line":27,"column":27}},"11":{"start":{"line":28,"column":20},"end":{"line":28,"column":43}},"12":{"start":{"line":34,"column":4},"end":{"line":38,"column":5}},"13":{"start":{"line":42,"column":14},"end":{"line":42,"column":32}},"14":{"start":{"line":43,"column":20},"end":{"line":43,"column":64}},"15":{"start":{"line":43,"column":35},"end":{"line":43,"column":64}},"16":{"start":{"line":44,"column":14},"end":{"line":44,"column":38}},"17":{"start":{"line":45,"column":14},"end":{"line":45,"column":28}},"18":{"start":{"line":46,"column":4},"end":{"line":46,"column":27}},"19":{"start":{"line":50,"column":27},"end":{"line":50,"column":82}},"20":{"start":{"line":50,"column":56},"end":{"line":50,"column":81}},"21":{"start":{"line":51,"column":4},"end":{"line":51,"column":38}}},"fnMap":{"0":{"name":"DateModal","decl":{"start":{"line":6,"column":16},"end":{"line":6,"column":25}},"loc":{"start":{"line":6,"column":103},"end":{"line":39,"column":1}},"line":6},"1":{"name":"(anonymous_1)","decl":{"start":{"line":11,"column":17},"end":{"line":11,"column":18}},"loc":{"start":{"line":11,"column":23},"end":{"line":11,"column":38}},"line":11},"2":{"name":"(anonymous_2)","decl":{"start":{"line":12,"column":17},"end":{"line":12,"column":18}},"loc":{"start":{"line":12,"column":23},"end":{"line":12,"column":39}},"line":12},"3":{"name":"(anonymous_3)","decl":{"start":{"line":20,"column":29},"end":{"line":20,"column":30}},"loc":{"start":{"line":20,"column":38},"end":{"line":20,"column":73}},"line":20},"4":{"name":"(anonymous_4)","decl":{"start":{"line":26,"column":60},"end":{"line":26,"column":61}},"loc":{"start":{"line":26,"column":67},"end":{"line":29,"column":17}},"line":26},"5":{"name":"toDateString","decl":{"start":{"line":41,"column":9},"end":{"line":41,"column":21}},"loc":{"start":{"line":41,"column":42},"end":{"line":47,"column":1}},"line":41},"6":{"name":"(anonymous_6)","decl":{"start":{"line":43,"column":20},"end":{"line":43,"column":21}},"loc":{"start":{"line":43,"column":35},"end":{"line":43,"column":64}},"line":43},"7":{"name":"toDate","decl":{"start":{"line":49,"column":9},"end":{"line":49,"column":15}},"loc":{"start":{"line":49,"column":40},"end":{"line":52,"column":1}},"line":49},"8":{"name":"(anonymous_8)","decl":{"start":{"line":50,"column":51},"end":{"line":50,"column":52}},"loc":{"start":{"line":50,"column":56},"end":{"line":50,"column":81}},"line":50}},"branchMap":{"0":{"loc":{"start":{"line":7,"column":28},"end":{"line":7,"column":134}},"type":"cond-expr","locations":[{"start":{"line":7,"column":74},"end":{"line":7,"column":101}},{"start":{"line":7,"column":104},"end":{"line":7,"column":134}}],"line":7},"1":{"loc":{"start":{"line":7,"column":28},"end":{"line":7,"column":71}},"type":"binary-expr","locations":[{"start":{"line":7,"column":28},"end":{"line":7,"column":46}},{"start":{"line":7,"column":50},"end":{"line":7,"column":71}}],"line":7},"2":{"loc":{"start":{"line":16,"column":4},"end":{"line":32,"column":5}},"type":"if","locations":[{"start":{"line":16,"column":4},"end":{"line":32,"column":5}},{"start":{"line":22,"column":11},"end":{"line":32,"column":5}}],"line":16},"3":{"loc":{"start":{"line":43,"column":35},"end":{"line":43,"column":64}},"type":"cond-expr","locations":[{"start":{"line":43,"column":43},"end":{"line":43,"column":56}},{"start":{"line":43,"column":59},"end":{"line":43,"column":64}}],"line":43},"4":{"loc":{"start":{"line":50,"column":56},"end":{"line":50,"column":81}},"type":"cond-expr","locations":[{"start":{"line":50,"column":71},"end":{"line":50,"column":76}},{"start":{"line":50,"column":79},"end":{"line":50,"column":81}}],"line":50}},"s":{"0":0,"1":0,"2":0,"3":0,"4":0,"5":0,"6":0,"7":0,"8":0,"9":0,"10":0,"11":0,"12":0,"13":0,"14":0,"15":0,"16":0,"17":0,"18":0,"19":0,"20":0,"21":0},"f":{"0":0,"1":0,"2":0,"3":0,"4":0,"5":0,"6":0,"7":0,"8":0},"b":{"0":[0,0],"1":[0,0],"2":[0,0],"3":[0,0],"4":[0,0]},"_coverageSchema":"1a1c01bbd47fc00a2c39e90264f33305004495a9","hash":"a57ccf19123d2370672cb318135b6f442699f8dc"}
,"/Users/charliehou/workspace/core/web/app/frontend/src/components/NavigationBar.tsx": {"path":"/Users/charliehou/workspace/core/web/app/frontend/src/components/NavigationBar.tsx","statementMap":{"0":{"start":{"line":13,"column":49},"end":{"line":51,"column":1}},"1":{"start":{"line":20,"column":32},"end":{"line":20,"column":53}},"2":{"start":{"line":21,"column":19},"end":{"line":21,"column":41}},"3":{"start":{"line":21,"column":25},"end":{"line":21,"column":41}},"4":{"start":{"line":22,"column":20},"end":{"line":22,"column":43}},"5":{"start":{"line":22,"column":26},"end":{"line":22,"column":43}},"6":{"start":{"line":24,"column":2},"end":{"line":50,"column":4}},"7":{"start":{"line":30,"column":23},"end":{"line":30,"column":67}},"8":{"start":{"line":38,"column":23},"end":{"line":38,"column":60}}},"fnMap":{"0":{"name":"(anonymous_0)","decl":{"start":{"line":13,"column":49},"end":{"line":13,"column":50}},"loc":{"start":{"line":18,"column":8},"end":{"line":51,"column":1}},"line":18},"1":{"name":"(anonymous_1)","decl":{"start":{"line":21,"column":19},"end":{"line":21,"column":20}},"loc":{"start":{"line":21,"column":25},"end":{"line":21,"column":41}},"line":21},"2":{"name":"(anonymous_2)","decl":{"start":{"line":22,"column":20},"end":{"line":22,"column":21}},"loc":{"start":{"line":22,"column":26},"end":{"line":22,"column":43}},"line":22},"3":{"name":"(anonymous_3)","decl":{"start":{"line":30,"column":17},"end":{"line":30,"column":18}},"loc":{"start":{"line":30,"column":23},"end":{"line":30,"column":67}},"line":30},"4":{"name":"(anonymous_4)","decl":{"start":{"line":38,"column":17},"end":{"line":38,"column":18}},"loc":{"start":{"line":38,"column":23},"end":{"line":38,"column":60}},"line":38}},"branchMap":{"0":{"loc":{"start":{"line":26,"column":7},"end":{"line":26,"column":70}},"type":"cond-expr","locations":[{"start":{"line":26,"column":14},"end":{"line":26,"column":63}},{"start":{"line":26,"column":66},"end":{"line":26,"column":70}}],"line":26}},"s":{"0":1,"1":0,"2":0,"3":0,"4":0,"5":0,"6":0,"7":0,"8":0},"f":{"0":0,"1":0,"2":0,"3":0,"4":0},"b":{"0":[0,0]},"_coverageSchema":"1a1c01bbd47fc00a2c39e90264f33305004495a9","hash":"64007558eaa02215283c3dbef19ddfc555f6a73e"}
,"/Users/charliehou/workspace/core/web/app/frontend/src/components/NavigationDropdown.tsx": {"path":"/Users/charliehou/workspace/core/web/app/frontend/src/components/NavigationDropdown.tsx","statementMap":{"0":{"start":{"line":14,"column":52},"end":{"line":38,"column":1}},"1":{"start":{"line":15,"column":2},"end":{"line":37,"column":4}},"2":{"start":{"line":28,"column":23},"end":{"line":28,"column":61}},"3":{"start":{"line":31,"column":8},"end":{"line":31,"column":44}},"4":{"start":{"line":34,"column":8},"end":{"line":34,"column":44}}},"fnMap":{"0":{"name":"(anonymous_0)","decl":{"start":{"line":14,"column":52},"end":{"line":14,"column":53}},"loc":{"start":{"line":14,"column":102},"end":{"line":38,"column":1}},"line":14},"1":{"name":"(anonymous_1)","decl":{"start":{"line":28,"column":17},"end":{"line":28,"column":18}},"loc":{"start":{"line":28,"column":23},"end":{"line":28,"column":61}},"line":28},"2":{"name":"(anonymous_2)","decl":{"start":{"line":30,"column":26},"end":{"line":30,"column":27}},"loc":{"start":{"line":30,"column":32},"end":{"line":32,"column":7}},"line":30},"3":{"name":"(anonymous_3)","decl":{"start":{"line":33,"column":26},"end":{"line":33,"column":27}},"loc":{"start":{"line":33,"column":32},"end":{"line":35,"column":7}},"line":33}},"branchMap":{},"s":{"0":1,"1":0,"2":0,"3":0,"4":0},"f":{"0":0,"1":0,"2":0,"3":0},"b":{},"_coverageSchema":"1a1c01bbd47fc00a2c39e90264f33305004495a9","hash":"88c8132fb4b679a5f5d7ae42a084f8a8be497bee"}
,"/Users/charliehou/workspace/core/web/app/frontend/src/components/Router.tsx": {"path":"/Users/charliehou/workspace/core/web/app/frontend/src/components/Router.tsx","statementMap":{"0":{"start":{"line":16,"column":18},"end":{"line":16,"column":40}},"1":{"start":{"line":18,"column":21},"end":{"line":18,"column":26}},"2":{"start":{"line":20,"column":26},"end":{"line":30,"column":5}},"3":{"start":{"line":32,"column":4},"end":{"line":75,"column":6}},"4":{"start":{"line":38,"column":47},"end":{"line":38,"column":75}}},"fnMap":{"0":{"name":"Router","decl":{"start":{"line":15,"column":24},"end":{"line":15,"column":30}},"loc":{"start":{"line":15,"column":56},"end":{"line":76,"column":1}},"line":15},"1":{"name":"(anonymous_1)","decl":{"start":{"line":38,"column":36},"end":{"line":38,"column":37}},"loc":{"start":{"line":38,"column":47},"end":{"line":38,"column":75}},"line":38}},"branchMap":{},"s":{"0":2,"1":2,"2":2,"3":2,"4":0},"f":{"0":2,"1":0},"b":{},"_coverageSchema":"1a1c01bbd47fc00a2c39e90264f33305004495a9","hash":"0cfb0a1ad522c5b93a46eb9f03f0b1e8fd22dec2"}
,"/Users/charliehou/workspace/core/web/app/frontend/src/components/screens/CasesScreen.tsx": {"path":"/Users/charliehou/workspace/core/web/app/frontend/src/components/screens/CasesScreen.tsx","statementMap":{"0":{"start":{"line":7,"column":35},"end":{"line":13,"column":1}},"1":{"start":{"line":8,"column":2},"end":{"line":12,"column":4}}},"fnMap":{"0":{"name":"(anonymous_0)","decl":{"start":{"line":7,"column":35},"end":{"line":7,"column":36}},"loc":{"start":{"line":7,"column":55},"end":{"line":13,"column":1}},"line":7}},"branchMap":{},"s":{"0":1,"1":0},"f":{"0":0},"b":{},"_coverageSchema":"1a1c01bbd47fc00a2c39e90264f33305004495a9","hash":"542609993aa09f92644e7102d9be962e4ac36728"}
,"/Users/charliehou/workspace/core/web/app/frontend/src/components/screens/HomeScreen.tsx": {"path":"/Users/charliehou/workspace/core/web/app/frontend/src/components/screens/HomeScreen.tsx","statementMap":{"0":{"start":{"line":7,"column":19},"end":{"line":17,"column":1}},"1":{"start":{"line":8,"column":28},"end":{"line":8,"column":58}},"2":{"start":{"line":10,"column":4},"end":{"line":16,"column":6}}},"fnMap":{"0":{"name":"(anonymous_0)","decl":{"start":{"line":7,"column":19},"end":{"line":7,"column":20}},"loc":{"start":{"line":7,"column":25},"end":{"line":17,"column":1}},"line":7}},"branchMap":{},"s":{"0":1,"1":0,"2":0},"f":{"0":0},"b":{},"_coverageSchema":"1a1c01bbd47fc00a2c39e90264f33305004495a9","hash":"aa6e1b5a36bd8962dfda3118894e9cab46eb57cd"}
,"/Users/charliehou/workspace/core/web/app/frontend/src/components/screens/IndividualScreen.tsx": {"path":"/Users/charliehou/workspace/core/web/app/frontend/src/components/screens/IndividualScreen.tsx","statementMap":{"0":{"start":{"line":8,"column":40},"end":{"line":24,"column":1}},"1":{"start":{"line":9,"column":17},"end":{"line":9,"column":29}},"2":{"start":{"line":11,"column":2},"end":{"line":23,"column":4}},"3":{"start":{"line":20,"column":23},"end":{"line":20,"column":45}}},"fnMap":{"0":{"name":"(anonymous_0)","decl":{"start":{"line":8,"column":40},"end":{"line":8,"column":41}},"loc":{"start":{"line":8,"column":55},"end":{"line":24,"column":1}},"line":8},"1":{"name":"(anonymous_1)","decl":{"start":{"line":20,"column":17},"end":{"line":20,"column":18}},"loc":{"start":{"line":20,"column":23},"end":{"line":20,"column":45}},"line":20}},"branchMap":{"0":{"loc":{"start":{"line":14,"column":9},"end":{"line":14,"column":61}},"type":"cond-expr","locations":[{"start":{"line":14,"column":22},"end":{"line":14,"column":34}},{"start":{"line":14,"column":37},"end":{"line":14,"column":61}}],"line":14}},"s":{"0":1,"1":0,"2":0,"3":0},"f":{"0":0,"1":0},"b":{"0":[0,0]},"_coverageSchema":"1a1c01bbd47fc00a2c39e90264f33305004495a9","hash":"23da79fa411483ca87bba83dc10c775416dc6bc7"}
,"/Users/charliehou/workspace/core/web/app/frontend/src/components/screens/IndividualsListScreen.tsx": {"path":"/Users/charliehou/workspace/core/web/app/frontend/src/components/screens/IndividualsListScreen.tsx","statementMap":{"0":{"start":{"line":13,"column":45},"end":{"line":20,"column":1}},"1":{"start":{"line":22,"column":45},"end":{"line":54,"column":1}},"2":{"start":{"line":23,"column":2},"end":{"line":53,"column":4}},"3":{"start":{"line":30,"column":10},"end":{"line":43,"column":29}},"4":{"start":{"line":32,"column":27},"end":{"line":32,"column":85}},"5":{"start":{"line":50,"column":23},"end":{"line":50,"column":80}}},"fnMap":{"0":{"name":"(anonymous_0)","decl":{"start":{"line":22,"column":45},"end":{"line":22,"column":46}},"loc":{"start":{"line":22,"column":65},"end":{"line":54,"column":1}},"line":22},"1":{"name":"(anonymous_1)","decl":{"start":{"line":29,"column":20},"end":{"line":29,"column":21}},"loc":{"start":{"line":30,"column":10},"end":{"line":43,"column":29}},"line":30},"2":{"name":"(anonymous_2)","decl":{"start":{"line":32,"column":21},"end":{"line":32,"column":22}},"loc":{"start":{"line":32,"column":27},"end":{"line":32,"column":85}},"line":32},"3":{"name":"(anonymous_3)","decl":{"start":{"line":50,"column":17},"end":{"line":50,"column":18}},"loc":{"start":{"line":50,"column":23},"end":{"line":50,"column":80}},"line":50}},"branchMap":{},"s":{"0":1,"1":1,"2":0,"3":0,"4":0,"5":0},"f":{"0":0,"1":0,"2":0,"3":0},"b":{},"_coverageSchema":"1a1c01bbd47fc00a2c39e90264f33305004495a9","hash":"204dba13e4dad0d66afeca3baf4213b17770ea09"}
,"/Users/charliehou/workspace/core/web/app/frontend/src/constants/platform.ts": {"path":"/Users/charliehou/workspace/core/web/app/frontend/src/constants/platform.ts","statementMap":{"0":{"start":{"line":3,"column":20},"end":{"line":3,"column":62}}},"fnMap":{},"branchMap":{},"s":{"0":0},"f":{},"b":{}}
,"/Users/charliehou/workspace/core/web/app/frontend/src/constants/routes.ts": {"path":"/Users/charliehou/workspace/core/web/app/frontend/src/constants/routes.ts","statementMap":{"0":{"start":{"line":6,"column":42},"end":{"line":23,"column":1}}},"fnMap":{},"branchMap":{},"s":{"0":1},"f":{},"b":{},"_coverageSchema":"1a1c01bbd47fc00a2c39e90264f33305004495a9","hash":"92a7bcac60fbe231cb13418a780608f145633fde"}
,"/Users/charliehou/workspace/core/web/app/frontend/src/constants/theme.ts": {"path":"/Users/charliehou/workspace/core/web/app/frontend/src/constants/theme.ts","statementMap":{"0":{"start":{"line":4,"column":19},"end":{"line":25,"column":1}},"1":{"start":{"line":29,"column":25},"end":{"line":44,"column":1}},"2":{"start":{"line":47,"column":31},"end":{"line":57,"column":1}}},"fnMap":{},"branchMap":{},"s":{"0":1,"1":1,"2":1},"f":{},"b":{},"_coverageSchema":"1a1c01bbd47fc00a2c39e90264f33305004495a9","hash":"25e8fb5455a39c722bfc65835b8763c4ce98545b"}
,"/Users/charliehou/workspace/core/web/app/frontend/src/styles/common.ts": {"path":"/Users/charliehou/workspace/core/web/app/frontend/src/styles/common.ts","statementMap":{},"fnMap":{},"branchMap":{},"s":{},"f":{},"b":{},"_coverageSchema":"1a1c01bbd47fc00a2c39e90264f33305004495a9","hash":"942f9393b1244a840f5f0613a8dfb9846ee9744c"}
,"/Users/charliehou/workspace/core/web/app/frontend/src/styles/index.ts": {"path":"/Users/charliehou/workspace/core/web/app/frontend/src/styles/index.ts","statementMap":{},"fnMap":{},"branchMap":{},"s":{},"f":{},"b":{},"_coverageSchema":"1a1c01bbd47fc00a2c39e90264f33305004495a9","hash":"38d01c32f69cba345593d680f1db6f39dab6fdc1"}
,"/Users/charliehou/workspace/core/web/app/frontend/src/styles/layout.ts": {"path":"/Users/charliehou/workspace/core/web/app/frontend/src/styles/layout.ts","statementMap":{},"fnMap":{},"branchMap":{},"s":{},"f":{},"b":{},"_coverageSchema":"1a1c01bbd47fc00a2c39e90264f33305004495a9","hash":"cf0db676e4cced3ab2665425b6360df2cb214d06"}
,"/Users/charliehou/workspace/core/web/app/frontend/src/types/png.d.ts": {"path":"/Users/charliehou/workspace/core/web/app/frontend/src/types/png.d.ts","statementMap":{},"fnMap":{},"branchMap":{},"s":{},"f":{},"b":{}}
,"/Users/charliehou/workspace/core/web/app/frontend/src/types/svg.d.ts": {"path":"/Users/charliehou/workspace/core/web/app/frontend/src/types/svg.d.ts","statementMap":{},"fnMap":{},"branchMap":{},"s":{},"f":{},"b":{}}
}
