mode: set
github.com/nrc-no/core/pkg/apps/iam/client_interface.go:31.73,33.28 2 0
github.com/nrc-no/core/pkg/apps/iam/client_interface.go:36.2,36.28 1 0
github.com/nrc-no/core/pkg/apps/iam/client_interface.go:39.2,39.25 1 0
github.com/nrc-no/core/pkg/apps/iam/client_interface.go:47.2,47.17 1 0
github.com/nrc-no/core/pkg/apps/iam/client_interface.go:33.28,35.3 1 0
github.com/nrc-no/core/pkg/apps/iam/client_interface.go:36.28,38.3 1 0
github.com/nrc-no/core/pkg/apps/iam/client_interface.go:39.25,40.40 1 0
github.com/nrc-no/core/pkg/apps/iam/client_interface.go:40.40,41.23 1 0
github.com/nrc-no/core/pkg/apps/iam/client_interface.go:44.4,44.41 1 0
github.com/nrc-no/core/pkg/apps/iam/client_interface.go:41.23,42.13 1 0
github.com/nrc-no/core/pkg/apps/iam/client_interface.go:50.78,53.34 3 0
github.com/nrc-no/core/pkg/apps/iam/client_interface.go:62.2,62.12 1 0
github.com/nrc-no/core/pkg/apps/iam/client_interface.go:53.34,54.75 1 0
github.com/nrc-no/core/pkg/apps/iam/client_interface.go:54.75,55.27 1 0
github.com/nrc-no/core/pkg/apps/iam/client_interface.go:58.4,59.37 2 0
github.com/nrc-no/core/pkg/apps/iam/client_interface.go:55.27,57.5 1 0
github.com/nrc-no/core/pkg/apps/iam/client_interface.go:83.77,85.2 1 0
github.com/nrc-no/core/pkg/apps/iam/client_interface.go:87.82,89.2 1 0
github.com/nrc-no/core/pkg/apps/iam/client_interface.go:105.80,107.35 2 0
github.com/nrc-no/core/pkg/apps/iam/client_interface.go:110.2,110.29 1 0
github.com/nrc-no/core/pkg/apps/iam/client_interface.go:113.2,113.30 1 0
github.com/nrc-no/core/pkg/apps/iam/client_interface.go:116.2,116.30 1 0
github.com/nrc-no/core/pkg/apps/iam/client_interface.go:119.2,119.17 1 0
github.com/nrc-no/core/pkg/apps/iam/client_interface.go:107.35,109.3 1 0
github.com/nrc-no/core/pkg/apps/iam/client_interface.go:110.29,112.3 1 0
github.com/nrc-no/core/pkg/apps/iam/client_interface.go:113.30,115.3 1 0
github.com/nrc-no/core/pkg/apps/iam/client_interface.go:116.30,118.3 1 0
github.com/nrc-no/core/pkg/apps/iam/client_interface.go:122.85,128.2 5 0
github.com/nrc-no/core/pkg/apps/iam/client_interface.go:142.84,144.28 2 0
github.com/nrc-no/core/pkg/apps/iam/client_interface.go:147.2,147.23 1 0
github.com/nrc-no/core/pkg/apps/iam/client_interface.go:144.28,146.3 1 0
github.com/nrc-no/core/pkg/apps/iam/client_interface.go:150.89,153.2 2 0
github.com/nrc-no/core/pkg/apps/iam/client_interface.go:166.77,168.45 2 0
github.com/nrc-no/core/pkg/apps/iam/client_interface.go:171.2,171.17 1 0
github.com/nrc-no/core/pkg/apps/iam/client_interface.go:168.45,170.3 1 0
github.com/nrc-no/core/pkg/apps/iam/client_interface.go:174.82,176.43 2 0
github.com/nrc-no/core/pkg/apps/iam/client_interface.go:179.2,179.12 1 0
github.com/nrc-no/core/pkg/apps/iam/client_interface.go:176.43,178.3 1 0
github.com/nrc-no/core/pkg/apps/iam/client_interface.go:194.72,196.2 1 0
github.com/nrc-no/core/pkg/apps/iam/client_interface.go:198.77,200.2 1 0
github.com/nrc-no/core/pkg/apps/iam/client_interface.go:213.75,215.2 1 0
github.com/nrc-no/core/pkg/apps/iam/client_interface.go:217.80,219.2 1 0
github.com/nrc-no/core/pkg/apps/iam/client_interface.go:233.73,235.29 2 0
github.com/nrc-no/core/pkg/apps/iam/client_interface.go:238.2,238.31 1 0
github.com/nrc-no/core/pkg/apps/iam/client_interface.go:241.2,241.20 1 0
github.com/nrc-no/core/pkg/apps/iam/client_interface.go:235.29,237.3 1 0
github.com/nrc-no/core/pkg/apps/iam/client_interface.go:238.31,240.3 1 0
github.com/nrc-no/core/pkg/apps/iam/client_interface.go:244.78,248.2 3 0
github.com/nrc-no/core/pkg/apps/iam/client_interface.go:261.78,263.29 2 0
github.com/nrc-no/core/pkg/apps/iam/client_interface.go:266.2,266.23 1 0
github.com/nrc-no/core/pkg/apps/iam/client_interface.go:269.2,269.20 1 0
github.com/nrc-no/core/pkg/apps/iam/client_interface.go:263.29,265.3 1 0
github.com/nrc-no/core/pkg/apps/iam/client_interface.go:266.23,268.3 1 0
github.com/nrc-no/core/pkg/apps/iam/client_interface.go:272.83,276.2 3 0
github.com/nrc-no/core/pkg/apps/iam/client_interface.go:294.78,296.45 2 0
github.com/nrc-no/core/pkg/apps/iam/client_interface.go:299.2,303.25 5 0
github.com/nrc-no/core/pkg/apps/iam/client_interface.go:311.2,311.20 1 0
github.com/nrc-no/core/pkg/apps/iam/client_interface.go:296.45,298.3 1 0
github.com/nrc-no/core/pkg/apps/iam/client_interface.go:303.25,304.40 1 0
github.com/nrc-no/core/pkg/apps/iam/client_interface.go:304.40,305.23 1 0
github.com/nrc-no/core/pkg/apps/iam/client_interface.go:308.4,308.44 1 0
github.com/nrc-no/core/pkg/apps/iam/client_interface.go:305.23,306.13 1 0
github.com/nrc-no/core/pkg/apps/iam/client_interface.go:314.83,316.34 2 0
github.com/nrc-no/core/pkg/apps/iam/client_interface.go:343.2,343.12 1 0
github.com/nrc-no/core/pkg/apps/iam/client_interface.go:316.34,317.29 1 0
github.com/nrc-no/core/pkg/apps/iam/client_interface.go:320.3,320.14 1 0
github.com/nrc-no/core/pkg/apps/iam/client_interface.go:317.29,319.4 1 0
github.com/nrc-no/core/pkg/apps/iam/client_interface.go:321.22,322.29 1 0
github.com/nrc-no/core/pkg/apps/iam/client_interface.go:323.15,326.18 3 0
github.com/nrc-no/core/pkg/apps/iam/client_interface.go:329.4,329.17 1 0
github.com/nrc-no/core/pkg/apps/iam/client_interface.go:330.18,333.18 3 0
github.com/nrc-no/core/pkg/apps/iam/client_interface.go:336.4,336.23 1 0
github.com/nrc-no/core/pkg/apps/iam/client_interface.go:337.15,338.22 1 0
github.com/nrc-no/core/pkg/apps/iam/client_interface.go:339.11,340.9 1 0
github.com/nrc-no/core/pkg/apps/iam/client_interface.go:326.18,328.5 1 0
github.com/nrc-no/core/pkg/apps/iam/client_interface.go:333.18,335.5 1 0
github.com/nrc-no/core/pkg/apps/iam/client_interface.go:346.80,347.25 1 0
github.com/nrc-no/core/pkg/apps/iam/client_interface.go:350.2,351.35 2 0
github.com/nrc-no/core/pkg/apps/iam/client_interface.go:347.25,349.3 1 0
github.com/nrc-no/core/pkg/apps/iam/client_interface.go:354.41,356.2 1 0
github.com/nrc-no/core/pkg/apps/iam/country_put.go:7.71,11.40 3 0
github.com/nrc-no/core/pkg/apps/iam/country_put.go:15.2,16.46 2 0
github.com/nrc-no/core/pkg/apps/iam/country_put.go:21.2,22.16 2 0
github.com/nrc-no/core/pkg/apps/iam/country_put.go:27.2,30.54 3 0
github.com/nrc-no/core/pkg/apps/iam/country_put.go:35.2,35.29 1 0
github.com/nrc-no/core/pkg/apps/iam/country_put.go:11.40,13.3 1 0
github.com/nrc-no/core/pkg/apps/iam/country_put.go:16.46,19.3 2 0
github.com/nrc-no/core/pkg/apps/iam/country_put.go:22.16,25.3 2 0
github.com/nrc-no/core/pkg/apps/iam/country_put.go:30.54,33.3 2 0
github.com/nrc-no/core/pkg/apps/iam/party_list.go:7.72,11.78 3 0
github.com/nrc-no/core/pkg/apps/iam/party_list.go:16.2,20.38 2 0
github.com/nrc-no/core/pkg/apps/iam/party_list.go:24.2,25.16 2 0
github.com/nrc-no/core/pkg/apps/iam/party_list.go:30.2,30.31 1 0
github.com/nrc-no/core/pkg/apps/iam/party_list.go:11.78,14.3 2 0
github.com/nrc-no/core/pkg/apps/iam/party_list.go:20.38,22.3 1 0
github.com/nrc-no/core/pkg/apps/iam/party_list.go:25.16,28.3 2 0
github.com/nrc-no/core/pkg/apps/iam/relationshiptype_validation.go:5.111,9.37 2 1
github.com/nrc-no/core/pkg/apps/iam/relationshiptype_validation.go:18.2,18.47 1 1
github.com/nrc-no/core/pkg/apps/iam/relationshiptype_validation.go:27.2,27.82 1 1
github.com/nrc-no/core/pkg/apps/iam/relationshiptype_validation.go:36.2,37.38 2 1
github.com/nrc-no/core/pkg/apps/iam/relationshiptype_validation.go:56.2,56.13 1 1
github.com/nrc-no/core/pkg/apps/iam/relationshiptype_validation.go:9.37,12.3 2 1
github.com/nrc-no/core/pkg/apps/iam/relationshiptype_validation.go:12.8,12.60 1 1
github.com/nrc-no/core/pkg/apps/iam/relationshiptype_validation.go:12.60,15.3 2 1
github.com/nrc-no/core/pkg/apps/iam/relationshiptype_validation.go:18.47,21.3 2 1
github.com/nrc-no/core/pkg/apps/iam/relationshiptype_validation.go:21.8,21.70 1 1
github.com/nrc-no/core/pkg/apps/iam/relationshiptype_validation.go:21.70,24.3 2 1
github.com/nrc-no/core/pkg/apps/iam/relationshiptype_validation.go:27.82,30.3 2 1
github.com/nrc-no/core/pkg/apps/iam/relationshiptype_validation.go:30.8,30.71 1 1
github.com/nrc-no/core/pkg/apps/iam/relationshiptype_validation.go:30.71,33.3 2 1
github.com/nrc-no/core/pkg/apps/iam/relationshiptype_validation.go:37.38,40.3 2 1
github.com/nrc-no/core/pkg/apps/iam/relationshiptype_validation.go:40.8,41.47 1 1
github.com/nrc-no/core/pkg/apps/iam/relationshiptype_validation.go:41.47,43.53 2 1
github.com/nrc-no/core/pkg/apps/iam/relationshiptype_validation.go:47.4,47.38 1 1
github.com/nrc-no/core/pkg/apps/iam/relationshiptype_validation.go:43.53,46.5 2 1
github.com/nrc-no/core/pkg/apps/iam/relationshiptype_validation.go:47.38,48.55 1 1
github.com/nrc-no/core/pkg/apps/iam/relationshiptype_validation.go:48.55,51.6 2 1
github.com/nrc-no/core/pkg/apps/iam/attribute_validation.go:5.90,9.30 2 1
github.com/nrc-no/core/pkg/apps/iam/attribute_validation.go:18.2,18.38 1 1
github.com/nrc-no/core/pkg/apps/iam/attribute_validation.go:24.2,25.38 2 1
github.com/nrc-no/core/pkg/apps/iam/attribute_validation.go:35.2,35.13 1 1
github.com/nrc-no/core/pkg/apps/iam/attribute_validation.go:9.30,12.3 2 1
github.com/nrc-no/core/pkg/apps/iam/attribute_validation.go:12.8,12.53 1 1
github.com/nrc-no/core/pkg/apps/iam/attribute_validation.go:12.53,15.3 2 1
github.com/nrc-no/core/pkg/apps/iam/attribute_validation.go:18.38,21.3 2 1
github.com/nrc-no/core/pkg/apps/iam/attribute_validation.go:25.38,28.3 2 1
github.com/nrc-no/core/pkg/apps/iam/attribute_validation.go:28.8,29.54 1 1
github.com/nrc-no/core/pkg/apps/iam/attribute_validation.go:29.54,32.4 2 1
github.com/nrc-no/core/pkg/apps/iam/attribute_validation.go:38.142,40.34 1 1
github.com/nrc-no/core/pkg/apps/iam/attribute_validation.go:48.2,48.43 1 1
github.com/nrc-no/core/pkg/apps/iam/attribute_validation.go:53.2,53.44 1 1
github.com/nrc-no/core/pkg/apps/iam/attribute_validation.go:57.2,57.13 1 1
github.com/nrc-no/core/pkg/apps/iam/attribute_validation.go:40.34,43.3 2 1
github.com/nrc-no/core/pkg/apps/iam/attribute_validation.go:43.8,43.57 1 1
github.com/nrc-no/core/pkg/apps/iam/attribute_validation.go:43.57,46.3 2 1
github.com/nrc-no/core/pkg/apps/iam/attribute_validation.go:48.43,51.3 2 1
github.com/nrc-no/core/pkg/apps/iam/attribute_validation.go:53.44,56.3 2 1
github.com/nrc-no/core/pkg/apps/iam/partytype_client.go:14.86,18.2 3 0
github.com/nrc-no/core/pkg/apps/iam/partytype_client.go:20.97,24.2 3 0
github.com/nrc-no/core/pkg/apps/iam/partytype_client.go:26.97,30.2 3 0
github.com/nrc-no/core/pkg/apps/iam/partytype_client.go:32.114,36.2 3 0
github.com/nrc-no/core/pkg/apps/iam/team_list.go:7.70,11.16 3 0
github.com/nrc-no/core/pkg/apps/iam/team_list.go:16.2,16.31 1 0
github.com/nrc-no/core/pkg/apps/iam/team_list.go:11.16,14.3 2 0
github.com/nrc-no/core/pkg/apps/iam/attribute_client.go:14.86,18.2 3 0
github.com/nrc-no/core/pkg/apps/iam/attribute_client.go:20.97,24.2 3 0
github.com/nrc-no/core/pkg/apps/iam/attribute_client.go:26.97,30.2 3 0
github.com/nrc-no/core/pkg/apps/iam/attribute_client.go:32.114,36.2 3 0
github.com/nrc-no/core/pkg/apps/iam/country_store.go:12.60,16.2 1 0
github.com/nrc-no/core/pkg/apps/iam/country_store.go:18.78,21.16 2 0
github.com/nrc-no/core/pkg/apps/iam/country_store.go:25.2,25.42 1 0
github.com/nrc-no/core/pkg/apps/iam/country_store.go:29.2,29.34 1 0
github.com/nrc-no/core/pkg/apps/iam/country_store.go:21.16,23.3 1 0
github.com/nrc-no/core/pkg/apps/iam/country_store.go:25.42,27.3 1 0
github.com/nrc-no/core/pkg/apps/iam/country_store.go:32.43,38.2 2 0
github.com/nrc-no/core/pkg/apps/iam/country_store.go:40.49,50.2 1 0
github.com/nrc-no/core/pkg/apps/iam/country_store.go:52.72,56.16 2 0
github.com/nrc-no/core/pkg/apps/iam/country_store.go:60.2,61.32 2 0
github.com/nrc-no/core/pkg/apps/iam/country_store.go:65.2,67.8 1 0
github.com/nrc-no/core/pkg/apps/iam/country_store.go:56.16,58.3 1 0
github.com/nrc-no/core/pkg/apps/iam/country_store.go:61.32,63.3 1 0
github.com/nrc-no/core/pkg/apps/iam/country_store.go:70.76,72.56 2 0
github.com/nrc-no/core/pkg/apps/iam/country_store.go:75.2,75.12 1 0
github.com/nrc-no/core/pkg/apps/iam/country_store.go:72.56,74.3 1 0
github.com/nrc-no/core/pkg/apps/iam/country_store.go:78.76,80.56 2 0
github.com/nrc-no/core/pkg/apps/iam/country_store.go:83.2,83.12 1 0
github.com/nrc-no/core/pkg/apps/iam/country_store.go:80.56,82.3 1 0
github.com/nrc-no/core/pkg/apps/iam/membership_get.go:7.74,11.40 3 0
github.com/nrc-no/core/pkg/apps/iam/membership_get.go:14.2,15.16 2 0
github.com/nrc-no/core/pkg/apps/iam/membership_get.go:20.2,20.31 1 0
github.com/nrc-no/core/pkg/apps/iam/membership_get.go:11.40,13.3 1 0
github.com/nrc-no/core/pkg/apps/iam/membership_get.go:15.16,18.3 2 0
github.com/nrc-no/core/pkg/apps/iam/relationshiptype_list.go:7.82,11.78 3 0
github.com/nrc-no/core/pkg/apps/iam/relationshiptype_list.go:16.2,17.16 2 0
github.com/nrc-no/core/pkg/apps/iam/relationshiptype_list.go:22.2,22.31 1 0
github.com/nrc-no/core/pkg/apps/iam/relationshiptype_list.go:11.78,14.3 2 0
github.com/nrc-no/core/pkg/apps/iam/relationshiptype_list.go:17.16,20.3 2 0
github.com/nrc-no/core/pkg/apps/iam/attribute_post.go:9.75,14.40 3 0
github.com/nrc-no/core/pkg/apps/iam/attribute_post.go:18.2,21.22 3 0
github.com/nrc-no/core/pkg/apps/iam/attribute_post.go:27.2,27.57 1 0
github.com/nrc-no/core/pkg/apps/iam/attribute_post.go:32.2,32.29 1 0
github.com/nrc-no/core/pkg/apps/iam/attribute_post.go:14.40,16.3 1 0
github.com/nrc-no/core/pkg/apps/iam/attribute_post.go:21.22,25.3 3 0
github.com/nrc-no/core/pkg/apps/iam/attribute_post.go:27.57,30.3 2 0
github.com/nrc-no/core/pkg/apps/iam/relationship_get.go:7.76,11.40 3 0
github.com/nrc-no/core/pkg/apps/iam/relationship_get.go:15.2,16.16 2 0
github.com/nrc-no/core/pkg/apps/iam/relationship_get.go:21.2,21.31 1 0
github.com/nrc-no/core/pkg/apps/iam/relationship_get.go:11.40,13.3 1 0
github.com/nrc-no/core/pkg/apps/iam/relationship_get.go:16.16,19.3 2 0
github.com/nrc-no/core/pkg/apps/iam/relationship_put.go:8.76,12.40 3 0
github.com/nrc-no/core/pkg/apps/iam/relationship_put.go:16.2,17.16 2 0
github.com/nrc-no/core/pkg/apps/iam/relationship_put.go:22.2,23.46 2 0
github.com/nrc-no/core/pkg/apps/iam/relationship_put.go:28.2,34.22 6 0
github.com/nrc-no/core/pkg/apps/iam/relationship_put.go:40.2,40.59 1 0
github.com/nrc-no/core/pkg/apps/iam/relationship_put.go:45.2,45.29 1 0
github.com/nrc-no/core/pkg/apps/iam/relationship_put.go:12.40,14.3 1 0
github.com/nrc-no/core/pkg/apps/iam/relationship_put.go:17.16,20.3 2 0
github.com/nrc-no/core/pkg/apps/iam/relationship_put.go:23.46,26.3 2 0
github.com/nrc-no/core/pkg/apps/iam/relationship_put.go:34.22,38.3 3 0
github.com/nrc-no/core/pkg/apps/iam/relationship_put.go:40.59,43.3 2 0
github.com/nrc-no/core/pkg/apps/iam/individual_client.go:14.88,18.2 3 0
github.com/nrc-no/core/pkg/apps/iam/individual_client.go:20.100,24.2 3 0
github.com/nrc-no/core/pkg/apps/iam/individual_client.go:26.100,30.2 3 0
github.com/nrc-no/core/pkg/apps/iam/individual_client.go:32.117,36.2 3 0
github.com/nrc-no/core/pkg/apps/iam/party_store.go:15.114,24.16 5 0
github.com/nrc-no/core/pkg/apps/iam/party_store.go:28.2,31.17 1 0
github.com/nrc-no/core/pkg/apps/iam/party_store.go:36.2,45.17 1 0
github.com/nrc-no/core/pkg/apps/iam/party_store.go:49.2,49.19 1 0
github.com/nrc-no/core/pkg/apps/iam/party_store.go:24.16,26.3 1 0
github.com/nrc-no/core/pkg/apps/iam/party_store.go:31.17,33.3 1 0
github.com/nrc-no/core/pkg/apps/iam/party_store.go:45.17,47.3 1 0
github.com/nrc-no/core/pkg/apps/iam/party_store.go:52.74,54.16 2 0
github.com/nrc-no/core/pkg/apps/iam/party_store.go:57.2,60.22 2 0
github.com/nrc-no/core/pkg/apps/iam/party_store.go:63.2,64.39 2 0
github.com/nrc-no/core/pkg/apps/iam/party_store.go:67.2,67.16 1 0
github.com/nrc-no/core/pkg/apps/iam/party_store.go:54.16,56.3 1 0
github.com/nrc-no/core/pkg/apps/iam/party_store.go:60.22,62.3 1 0
github.com/nrc-no/core/pkg/apps/iam/party_store.go:64.39,66.3 1 0
github.com/nrc-no/core/pkg/apps/iam/party_store.go:70.53,72.29 2 0
github.com/nrc-no/core/pkg/apps/iam/party_store.go:75.2,75.8 1 0
github.com/nrc-no/core/pkg/apps/iam/party_store.go:72.29,74.3 1 0
github.com/nrc-no/core/pkg/apps/iam/party_store.go:78.100,81.40 2 0
github.com/nrc-no/core/pkg/apps/iam/party_store.go:85.2,85.36 1 0
github.com/nrc-no/core/pkg/apps/iam/party_store.go:89.2,89.70 1 0
github.com/nrc-no/core/pkg/apps/iam/party_store.go:95.2,95.39 1 0
github.com/nrc-no/core/pkg/apps/iam/party_store.go:99.2,100.16 2 0
github.com/nrc-no/core/pkg/apps/iam/party_store.go:104.2,105.16 2 0
github.com/nrc-no/core/pkg/apps/iam/party_store.go:108.2,109.6 2 0
github.com/nrc-no/core/pkg/apps/iam/party_store.go:119.2,119.22 1 0
github.com/nrc-no/core/pkg/apps/iam/party_store.go:122.2,122.18 1 0
github.com/nrc-no/core/pkg/apps/iam/party_store.go:125.2,128.18 2 0
github.com/nrc-no/core/pkg/apps/iam/party_store.go:81.40,83.3 1 0
github.com/nrc-no/core/pkg/apps/iam/party_store.go:85.36,87.3 1 0
github.com/nrc-no/core/pkg/apps/iam/party_store.go:89.70,90.50 1 0
github.com/nrc-no/core/pkg/apps/iam/party_store.go:90.50,92.4 1 0
github.com/nrc-no/core/pkg/apps/iam/party_store.go:95.39,97.3 1 0
github.com/nrc-no/core/pkg/apps/iam/party_store.go:100.16,102.3 1 0
github.com/nrc-no/core/pkg/apps/iam/party_store.go:105.16,107.3 1 0
github.com/nrc-no/core/pkg/apps/iam/party_store.go:109.6,110.21 1 0
github.com/nrc-no/core/pkg/apps/iam/party_store.go:113.3,114.40 2 0
github.com/nrc-no/core/pkg/apps/iam/party_store.go:117.3,117.28 1 0
github.com/nrc-no/core/pkg/apps/iam/party_store.go:110.21,111.9 1 0
github.com/nrc-no/core/pkg/apps/iam/party_store.go:114.40,116.4 1 0
github.com/nrc-no/core/pkg/apps/iam/party_store.go:119.22,121.3 1 0
github.com/nrc-no/core/pkg/apps/iam/party_store.go:122.18,124.3 1 0
github.com/nrc-no/core/pkg/apps/iam/party_store.go:131.70,133.16 2 0
github.com/nrc-no/core/pkg/apps/iam/party_store.go:136.2,144.16 2 0
github.com/nrc-no/core/pkg/apps/iam/party_store.go:147.2,147.12 1 0
github.com/nrc-no/core/pkg/apps/iam/party_store.go:133.16,135.3 1 0
github.com/nrc-no/core/pkg/apps/iam/party_store.go:144.16,146.3 1 0
github.com/nrc-no/core/pkg/apps/iam/party_store.go:150.70,152.16 2 0
github.com/nrc-no/core/pkg/apps/iam/party_store.go:155.2,156.16 2 0
github.com/nrc-no/core/pkg/apps/iam/party_store.go:159.2,159.12 1 0
github.com/nrc-no/core/pkg/apps/iam/party_store.go:152.16,154.3 1 0
github.com/nrc-no/core/pkg/apps/iam/party_store.go:156.16,158.3 1 0
github.com/nrc-no/core/pkg/apps/iam/party_store.go:166.85,168.45 2 0
github.com/nrc-no/core/pkg/apps/iam/party_store.go:171.2,172.16 2 0
github.com/nrc-no/core/pkg/apps/iam/party_store.go:175.2,176.22 2 0
github.com/nrc-no/core/pkg/apps/iam/party_store.go:179.2,180.43 2 0
github.com/nrc-no/core/pkg/apps/iam/party_store.go:183.2,183.19 1 0
github.com/nrc-no/core/pkg/apps/iam/party_store.go:168.45,170.3 1 0
github.com/nrc-no/core/pkg/apps/iam/party_store.go:172.16,174.3 1 0
github.com/nrc-no/core/pkg/apps/iam/party_store.go:176.22,178.3 1 0
github.com/nrc-no/core/pkg/apps/iam/party_store.go:180.43,182.3 1 0
github.com/nrc-no/core/pkg/apps/iam/partytype_list.go:7.75,11.78 3 0
github.com/nrc-no/core/pkg/apps/iam/partytype_list.go:16.2,17.16 2 0
github.com/nrc-no/core/pkg/apps/iam/partytype_list.go:22.2,22.31 1 0
github.com/nrc-no/core/pkg/apps/iam/partytype_list.go:11.78,14.3 2 0
github.com/nrc-no/core/pkg/apps/iam/partytype_list.go:17.16,20.3 2 0
github.com/nrc-no/core/pkg/apps/iam/membership_store.go:13.80,15.2 1 0
github.com/nrc-no/core/pkg/apps/iam/membership_store.go:17.113,24.16 2 0
github.com/nrc-no/core/pkg/apps/iam/membership_store.go:28.2,29.33 2 0
github.com/nrc-no/core/pkg/apps/iam/membership_store.go:33.2,35.8 1 0
github.com/nrc-no/core/pkg/apps/iam/membership_store.go:24.16,26.3 1 0
github.com/nrc-no/core/pkg/apps/iam/membership_store.go:29.33,31.3 1 0
github.com/nrc-no/core/pkg/apps/iam/membership_store.go:39.84,41.16 2 0
github.com/nrc-no/core/pkg/apps/iam/membership_store.go:44.2,44.61 1 0
github.com/nrc-no/core/pkg/apps/iam/membership_store.go:48.2,48.46 1 0
github.com/nrc-no/core/pkg/apps/iam/membership_store.go:41.16,43.3 1 0
github.com/nrc-no/core/pkg/apps/iam/membership_store.go:44.61,46.3 1 0
github.com/nrc-no/core/pkg/apps/iam/membership_store.go:52.103,58.16 2 0
github.com/nrc-no/core/pkg/apps/iam/membership_store.go:61.2,61.25 1 0
github.com/nrc-no/core/pkg/apps/iam/membership_store.go:64.2,64.55 1 0
github.com/nrc-no/core/pkg/apps/iam/membership_store.go:58.16,60.3 1 0
github.com/nrc-no/core/pkg/apps/iam/membership_store.go:61.25,63.3 1 0
github.com/nrc-no/core/pkg/apps/iam/membership_store.go:67.85,69.16 2 0
github.com/nrc-no/core/pkg/apps/iam/membership_store.go:72.2,72.16 1 0
github.com/nrc-no/core/pkg/apps/iam/membership_store.go:75.2,76.18 2 0
github.com/nrc-no/core/pkg/apps/iam/membership_store.go:79.2,79.45 1 0
github.com/nrc-no/core/pkg/apps/iam/membership_store.go:69.16,71.3 1 0
github.com/nrc-no/core/pkg/apps/iam/membership_store.go:72.16,74.3 1 0
github.com/nrc-no/core/pkg/apps/iam/membership_store.go:76.18,78.3 1 0
github.com/nrc-no/core/pkg/apps/iam/membership_store.go:82.65,88.2 1 0
github.com/nrc-no/core/pkg/apps/iam/membership_store.go:90.72,97.2 1 0
github.com/nrc-no/core/pkg/apps/iam/types.go:47.56,48.31 1 0
github.com/nrc-no/core/pkg/apps/iam/types.go:53.2,53.12 1 0
github.com/nrc-no/core/pkg/apps/iam/types.go:48.31,49.20 1 0
github.com/nrc-no/core/pkg/apps/iam/types.go:49.20,51.4 1 0
github.com/nrc-no/core/pkg/apps/iam/types.go:61.49,62.30 1 0
github.com/nrc-no/core/pkg/apps/iam/types.go:67.2,67.11 1 0
github.com/nrc-no/core/pkg/apps/iam/types.go:62.30,63.22 1 0
github.com/nrc-no/core/pkg/apps/iam/types.go:63.22,65.4 1 0
github.com/nrc-no/core/pkg/apps/iam/types.go:71.49,73.2 1 0
github.com/nrc-no/core/pkg/apps/iam/types.go:76.49,78.2 1 0
github.com/nrc-no/core/pkg/apps/iam/types.go:94.53,95.35 1 0
github.com/nrc-no/core/pkg/apps/iam/types.go:100.2,100.14 1 0
github.com/nrc-no/core/pkg/apps/iam/types.go:95.35,96.21 1 0
github.com/nrc-no/core/pkg/apps/iam/types.go:96.21,98.4 1 0
github.com/nrc-no/core/pkg/apps/iam/types.go:104.48,105.31 1 0
github.com/nrc-no/core/pkg/apps/iam/types.go:108.2,108.52 1 0
github.com/nrc-no/core/pkg/apps/iam/types.go:105.31,107.3 1 0
github.com/nrc-no/core/pkg/apps/iam/types.go:111.33,114.39 1 0
github.com/nrc-no/core/pkg/apps/iam/types.go:121.2,121.44 1 0
github.com/nrc-no/core/pkg/apps/iam/types.go:128.2,128.38 1 0
github.com/nrc-no/core/pkg/apps/iam/types.go:133.2,133.41 1 0
github.com/nrc-no/core/pkg/apps/iam/types.go:137.2,137.13 1 0
github.com/nrc-no/core/pkg/apps/iam/types.go:114.39,118.3 1 0
github.com/nrc-no/core/pkg/apps/iam/types.go:121.44,125.3 1 0
github.com/nrc-no/core/pkg/apps/iam/types.go:128.38,130.3 1 0
github.com/nrc-no/core/pkg/apps/iam/types.go:133.41,135.3 1 0
github.com/nrc-no/core/pkg/apps/iam/types.go:141.52,142.37 1 0
github.com/nrc-no/core/pkg/apps/iam/types.go:145.2,145.12 1 0
github.com/nrc-no/core/pkg/apps/iam/types.go:142.37,144.3 1 0
github.com/nrc-no/core/pkg/apps/iam/types.go:149.41,150.37 1 0
github.com/nrc-no/core/pkg/apps/iam/types.go:155.2,155.11 1 0
github.com/nrc-no/core/pkg/apps/iam/types.go:150.37,151.17 1 0
github.com/nrc-no/core/pkg/apps/iam/types.go:151.17,153.4 1 0
github.com/nrc-no/core/pkg/apps/iam/types.go:159.48,162.2 2 0
github.com/nrc-no/core/pkg/apps/iam/types.go:165.61,166.37 1 0
github.com/nrc-no/core/pkg/apps/iam/types.go:169.2,169.12 1 0
github.com/nrc-no/core/pkg/apps/iam/types.go:166.37,168.3 1 0
github.com/nrc-no/core/pkg/apps/iam/types.go:178.49,179.29 1 0
github.com/nrc-no/core/pkg/apps/iam/types.go:184.2,184.12 1 0
github.com/nrc-no/core/pkg/apps/iam/types.go:179.29,180.17 1 0
github.com/nrc-no/core/pkg/apps/iam/types.go:180.17,182.4 1 0
github.com/nrc-no/core/pkg/apps/iam/types.go:207.56,208.31 1 0
github.com/nrc-no/core/pkg/apps/iam/types.go:213.2,213.12 1 0
github.com/nrc-no/core/pkg/apps/iam/types.go:208.31,209.20 1 0
github.com/nrc-no/core/pkg/apps/iam/types.go:209.20,211.4 1 0
github.com/nrc-no/core/pkg/apps/iam/types.go:246.61,248.28 2 0
github.com/nrc-no/core/pkg/apps/iam/types.go:252.2,252.12 1 0
github.com/nrc-no/core/pkg/apps/iam/types.go:248.28,251.3 2 0
github.com/nrc-no/core/pkg/apps/iam/types.go:261.47,266.2 1 0
github.com/nrc-no/core/pkg/apps/iam/types.go:291.55,293.29 2 0
github.com/nrc-no/core/pkg/apps/iam/types.go:296.2,303.3 1 0
github.com/nrc-no/core/pkg/apps/iam/types.go:293.29,295.3 1 0
github.com/nrc-no/core/pkg/apps/iam/types.go:315.43,325.2 1 0
github.com/nrc-no/core/pkg/apps/iam/types.go:327.37,330.22 2 0
github.com/nrc-no/core/pkg/apps/iam/types.go:334.2,335.9 2 0
github.com/nrc-no/core/pkg/apps/iam/types.go:339.2,339.29 1 0
github.com/nrc-no/core/pkg/apps/iam/types.go:343.2,345.16 3 0
github.com/nrc-no/core/pkg/apps/iam/types.go:349.2,353.17 4 0
github.com/nrc-no/core/pkg/apps/iam/types.go:330.22,332.3 1 0
github.com/nrc-no/core/pkg/apps/iam/types.go:335.9,337.3 1 0
github.com/nrc-no/core/pkg/apps/iam/types.go:339.29,341.3 1 0
github.com/nrc-no/core/pkg/apps/iam/types.go:345.16,347.3 1 0
github.com/nrc-no/core/pkg/apps/iam/types.go:357.38,362.35 3 0
github.com/nrc-no/core/pkg/apps/iam/types.go:366.2,366.13 1 0
github.com/nrc-no/core/pkg/apps/iam/types.go:362.35,364.3 1 0
github.com/nrc-no/core/pkg/apps/iam/types.go:374.32,376.2 1 0
github.com/nrc-no/core/pkg/apps/iam/types.go:382.46,383.31 1 0
github.com/nrc-no/core/pkg/apps/iam/types.go:388.2,388.12 1 0
github.com/nrc-no/core/pkg/apps/iam/types.go:383.31,384.20 1 0
github.com/nrc-no/core/pkg/apps/iam/types.go:384.20,386.4 1 0
github.com/nrc-no/core/pkg/apps/iam/types.go:397.35,399.2 1 0
github.com/nrc-no/core/pkg/apps/iam/types.go:405.52,406.34 1 0
github.com/nrc-no/core/pkg/apps/iam/types.go:411.2,411.12 1 0
github.com/nrc-no/core/pkg/apps/iam/types.go:406.34,407.23 1 0
github.com/nrc-no/core/pkg/apps/iam/types.go:407.23,409.4 1 0
github.com/nrc-no/core/pkg/apps/iam/membership_post.go:8.75,12.46 3 0
github.com/nrc-no/core/pkg/apps/iam/membership_post.go:17.2,21.57 3 0
github.com/nrc-no/core/pkg/apps/iam/membership_post.go:26.2,26.29 1 0
github.com/nrc-no/core/pkg/apps/iam/membership_post.go:12.46,15.3 2 0
github.com/nrc-no/core/pkg/apps/iam/membership_post.go:21.57,24.3 2 0
github.com/nrc-no/core/pkg/apps/iam/partytype_store.go:15.122,24.16 5 0
github.com/nrc-no/core/pkg/apps/iam/partytype_store.go:28.2,33.17 1 0
github.com/nrc-no/core/pkg/apps/iam/partytype_store.go:37.2,37.19 1 0
github.com/nrc-no/core/pkg/apps/iam/partytype_store.go:24.16,26.3 1 0
github.com/nrc-no/core/pkg/apps/iam/partytype_store.go:33.17,35.3 1 0
github.com/nrc-no/core/pkg/apps/iam/partytype_store.go:40.82,42.16 2 0
github.com/nrc-no/core/pkg/apps/iam/partytype_store.go:45.2,48.22 2 0
github.com/nrc-no/core/pkg/apps/iam/partytype_store.go:51.2,52.39 2 0
github.com/nrc-no/core/pkg/apps/iam/partytype_store.go:55.2,55.16 1 0
github.com/nrc-no/core/pkg/apps/iam/partytype_store.go:42.16,44.3 1 0
github.com/nrc-no/core/pkg/apps/iam/partytype_store.go:48.22,50.3 1 0
github.com/nrc-no/core/pkg/apps/iam/partytype_store.go:52.39,54.3 1 0
github.com/nrc-no/core/pkg/apps/iam/partytype_store.go:58.110,63.16 3 0
github.com/nrc-no/core/pkg/apps/iam/partytype_store.go:67.2,68.16 2 0
github.com/nrc-no/core/pkg/apps/iam/partytype_store.go:71.2,72.6 2 0
github.com/nrc-no/core/pkg/apps/iam/partytype_store.go:82.2,82.22 1 0
github.com/nrc-no/core/pkg/apps/iam/partytype_store.go:85.2,88.18 2 0
github.com/nrc-no/core/pkg/apps/iam/partytype_store.go:63.16,65.3 1 0
github.com/nrc-no/core/pkg/apps/iam/partytype_store.go:68.16,70.3 1 0
github.com/nrc-no/core/pkg/apps/iam/partytype_store.go:72.6,73.21 1 0
github.com/nrc-no/core/pkg/apps/iam/partytype_store.go:76.3,77.40 2 0
github.com/nrc-no/core/pkg/apps/iam/partytype_store.go:80.3,80.28 1 0
github.com/nrc-no/core/pkg/apps/iam/partytype_store.go:73.21,74.9 1 0
github.com/nrc-no/core/pkg/apps/iam/partytype_store.go:77.40,79.4 1 0
github.com/nrc-no/core/pkg/apps/iam/partytype_store.go:82.22,84.3 1 0
github.com/nrc-no/core/pkg/apps/iam/partytype_store.go:91.82,93.16 2 0
github.com/nrc-no/core/pkg/apps/iam/partytype_store.go:96.2,104.16 2 0
github.com/nrc-no/core/pkg/apps/iam/partytype_store.go:107.2,107.12 1 0
github.com/nrc-no/core/pkg/apps/iam/partytype_store.go:93.16,95.3 1 0
github.com/nrc-no/core/pkg/apps/iam/partytype_store.go:104.16,106.3 1 0
github.com/nrc-no/core/pkg/apps/iam/partytype_store.go:110.82,112.16 2 0
github.com/nrc-no/core/pkg/apps/iam/partytype_store.go:115.2,116.16 2 0
github.com/nrc-no/core/pkg/apps/iam/partytype_store.go:119.2,119.12 1 0
github.com/nrc-no/core/pkg/apps/iam/partytype_store.go:112.16,114.3 1 0
github.com/nrc-no/core/pkg/apps/iam/partytype_store.go:116.16,118.3 1 0
github.com/nrc-no/core/pkg/apps/iam/relationship_validation.go:5.99,9.47 2 1
github.com/nrc-no/core/pkg/apps/iam/relationship_validation.go:14.2,14.41 1 1
github.com/nrc-no/core/pkg/apps/iam/relationship_validation.go:19.2,19.42 1 1
github.com/nrc-no/core/pkg/apps/iam/relationship_validation.go:24.2,24.13 1 1
github.com/nrc-no/core/pkg/apps/iam/relationship_validation.go:9.47,12.3 2 1
github.com/nrc-no/core/pkg/apps/iam/relationship_validation.go:14.41,17.3 2 1
github.com/nrc-no/core/pkg/apps/iam/relationship_validation.go:19.42,22.3 2 1
github.com/nrc-no/core/pkg/apps/iam/relationshiptype_client.go:14.100,18.2 3 0
github.com/nrc-no/core/pkg/apps/iam/relationshiptype_client.go:20.118,24.2 3 0
github.com/nrc-no/core/pkg/apps/iam/relationshiptype_client.go:26.118,30.2 3 0
github.com/nrc-no/core/pkg/apps/iam/relationshiptype_client.go:32.135,36.2 3 0
github.com/nrc-no/core/pkg/apps/iam/relationship_list.go:7.78,11.78 3 0
github.com/nrc-no/core/pkg/apps/iam/relationship_list.go:16.2,17.16 2 0
github.com/nrc-no/core/pkg/apps/iam/relationship_list.go:22.2,22.31 1 0
github.com/nrc-no/core/pkg/apps/iam/relationship_list.go:11.78,14.3 2 0
github.com/nrc-no/core/pkg/apps/iam/relationship_list.go:17.16,20.3 2 0
github.com/nrc-no/core/pkg/apps/iam/team_client.go:14.76,18.2 3 0
github.com/nrc-no/core/pkg/apps/iam/team_client.go:20.82,24.2 3 0
github.com/nrc-no/core/pkg/apps/iam/team_client.go:26.82,30.2 3 0
github.com/nrc-no/core/pkg/apps/iam/team_client.go:32.99,36.2 3 0
github.com/nrc-no/core/pkg/apps/iam/team_store.go:12.54,16.2 1 0
github.com/nrc-no/core/pkg/apps/iam/team_store.go:18.72,21.16 2 0
github.com/nrc-no/core/pkg/apps/iam/team_store.go:25.2,25.39 1 0
github.com/nrc-no/core/pkg/apps/iam/team_store.go:29.2,29.31 1 0
github.com/nrc-no/core/pkg/apps/iam/team_store.go:21.16,23.3 1 0
github.com/nrc-no/core/pkg/apps/iam/team_store.go:25.39,27.3 1 0
github.com/nrc-no/core/pkg/apps/iam/team_store.go:32.37,38.2 2 0
github.com/nrc-no/core/pkg/apps/iam/team_store.go:40.40,50.2 1 0
github.com/nrc-no/core/pkg/apps/iam/team_store.go:52.66,56.16 2 0
github.com/nrc-no/core/pkg/apps/iam/team_store.go:60.2,61.32 2 0
github.com/nrc-no/core/pkg/apps/iam/team_store.go:65.2,67.8 1 0
github.com/nrc-no/core/pkg/apps/iam/team_store.go:56.16,58.3 1 0
github.com/nrc-no/core/pkg/apps/iam/team_store.go:61.32,63.3 1 0
github.com/nrc-no/core/pkg/apps/iam/team_store.go:70.67,72.56 2 0
github.com/nrc-no/core/pkg/apps/iam/team_store.go:75.2,75.12 1 0
github.com/nrc-no/core/pkg/apps/iam/team_store.go:72.56,74.3 1 0
github.com/nrc-no/core/pkg/apps/iam/team_store.go:78.67,80.56 2 0
github.com/nrc-no/core/pkg/apps/iam/team_store.go:83.2,83.12 1 0
github.com/nrc-no/core/pkg/apps/iam/team_store.go:80.56,82.3 1 0
github.com/nrc-no/core/pkg/apps/iam/country_client.go:14.82,18.2 3 0
github.com/nrc-no/core/pkg/apps/iam/country_client.go:20.91,24.2 3 0
github.com/nrc-no/core/pkg/apps/iam/country_client.go:26.91,30.2 3 0
github.com/nrc-no/core/pkg/apps/iam/country_client.go:32.108,36.2 3 0
github.com/nrc-no/core/pkg/apps/iam/individual_put.go:8.74,12.40 3 0
github.com/nrc-no/core/pkg/apps/iam/individual_put.go:16.2,17.49 2 0
github.com/nrc-no/core/pkg/apps/iam/individual_put.go:22.2,23.16 2 0
github.com/nrc-no/core/pkg/apps/iam/individual_put.go:28.2,29.22 2 0
github.com/nrc-no/core/pkg/apps/iam/individual_put.go:35.2,35.67 1 0
github.com/nrc-no/core/pkg/apps/iam/individual_put.go:40.2,40.39 1 0
github.com/nrc-no/core/pkg/apps/iam/individual_put.go:12.40,14.3 1 0
github.com/nrc-no/core/pkg/apps/iam/individual_put.go:17.49,20.3 2 0
github.com/nrc-no/core/pkg/apps/iam/individual_put.go:23.16,26.3 2 0
github.com/nrc-no/core/pkg/apps/iam/individual_put.go:29.22,33.3 3 0
github.com/nrc-no/core/pkg/apps/iam/individual_put.go:35.67,38.3 2 0
github.com/nrc-no/core/pkg/apps/iam/membership_client.go:14.88,18.2 3 0
github.com/nrc-no/core/pkg/apps/iam/membership_client.go:20.100,24.2 3 0
github.com/nrc-no/core/pkg/apps/iam/membership_client.go:26.100,30.2 3 0
github.com/nrc-no/core/pkg/apps/iam/membership_client.go:32.117,36.2 3 0
github.com/nrc-no/core/pkg/apps/iam/party_get.go:7.69,11.40 3 0
github.com/nrc-no/core/pkg/apps/iam/party_get.go:15.2,16.16 2 0
github.com/nrc-no/core/pkg/apps/iam/party_get.go:21.2,21.31 1 0
github.com/nrc-no/core/pkg/apps/iam/party_get.go:11.40,13.3 1 0
github.com/nrc-no/core/pkg/apps/iam/party_get.go:16.16,19.3 2 0
github.com/nrc-no/core/pkg/apps/iam/team_put.go:7.68,11.40 3 0
github.com/nrc-no/core/pkg/apps/iam/team_put.go:15.2,16.46 2 0
github.com/nrc-no/core/pkg/apps/iam/team_put.go:21.2,22.16 2 0
github.com/nrc-no/core/pkg/apps/iam/team_put.go:27.2,30.51 3 0
github.com/nrc-no/core/pkg/apps/iam/team_put.go:35.2,35.29 1 0
github.com/nrc-no/core/pkg/apps/iam/team_put.go:11.40,13.3 1 0
github.com/nrc-no/core/pkg/apps/iam/team_put.go:16.46,19.3 2 0
github.com/nrc-no/core/pkg/apps/iam/team_put.go:22.16,25.3 2 0
github.com/nrc-no/core/pkg/apps/iam/team_put.go:30.51,33.3 2 0
github.com/nrc-no/core/pkg/apps/iam/attribute_store.go:15.122,24.16 5 0
github.com/nrc-no/core/pkg/apps/iam/attribute_store.go:28.2,32.18 1 0
github.com/nrc-no/core/pkg/apps/iam/attribute_store.go:36.2,36.19 1 0
github.com/nrc-no/core/pkg/apps/iam/attribute_store.go:24.16,26.3 1 0
github.com/nrc-no/core/pkg/apps/iam/attribute_store.go:32.18,34.3 1 0
github.com/nrc-no/core/pkg/apps/iam/attribute_store.go:41.110,45.39 2 0
github.com/nrc-no/core/pkg/apps/iam/attribute_store.go:51.2,52.16 2 0
github.com/nrc-no/core/pkg/apps/iam/attribute_store.go:56.2,57.16 2 0
github.com/nrc-no/core/pkg/apps/iam/attribute_store.go:60.2,61.6 2 0
github.com/nrc-no/core/pkg/apps/iam/attribute_store.go:71.2,71.25 1 0
github.com/nrc-no/core/pkg/apps/iam/attribute_store.go:75.2,77.8 1 0
github.com/nrc-no/core/pkg/apps/iam/attribute_store.go:45.39,49.3 1 0
github.com/nrc-no/core/pkg/apps/iam/attribute_store.go:52.16,54.3 1 0
github.com/nrc-no/core/pkg/apps/iam/attribute_store.go:57.16,59.3 1 0
github.com/nrc-no/core/pkg/apps/iam/attribute_store.go:61.6,62.24 1 0
github.com/nrc-no/core/pkg/apps/iam/attribute_store.go:65.3,66.43 2 0
github.com/nrc-no/core/pkg/apps/iam/attribute_store.go:69.3,69.26 1 0
github.com/nrc-no/core/pkg/apps/iam/attribute_store.go:62.24,63.9 1 0
github.com/nrc-no/core/pkg/apps/iam/attribute_store.go:66.43,68.4 1 0
github.com/nrc-no/core/pkg/apps/iam/attribute_store.go:71.25,73.3 1 0
github.com/nrc-no/core/pkg/apps/iam/attribute_store.go:81.82,83.16 2 0
github.com/nrc-no/core/pkg/apps/iam/attribute_store.go:86.2,87.16 2 0
github.com/nrc-no/core/pkg/apps/iam/attribute_store.go:90.2,90.12 1 0
github.com/nrc-no/core/pkg/apps/iam/attribute_store.go:83.16,85.3 1 0
github.com/nrc-no/core/pkg/apps/iam/attribute_store.go:87.16,89.3 1 0
github.com/nrc-no/core/pkg/apps/iam/attribute_store.go:93.82,95.16 2 0
github.com/nrc-no/core/pkg/apps/iam/attribute_store.go:98.2,101.25 2 0
github.com/nrc-no/core/pkg/apps/iam/attribute_store.go:104.2,105.42 2 0
github.com/nrc-no/core/pkg/apps/iam/attribute_store.go:108.2,108.16 1 0
github.com/nrc-no/core/pkg/apps/iam/attribute_store.go:95.16,97.3 1 0
github.com/nrc-no/core/pkg/apps/iam/attribute_store.go:101.25,103.3 1 0
github.com/nrc-no/core/pkg/apps/iam/attribute_store.go:105.42,107.3 1 0
github.com/nrc-no/core/pkg/apps/iam/attribute_store.go:111.82,113.16 2 0
github.com/nrc-no/core/pkg/apps/iam/attribute_store.go:116.2,126.16 2 0
github.com/nrc-no/core/pkg/apps/iam/attribute_store.go:129.2,129.12 1 0
github.com/nrc-no/core/pkg/apps/iam/attribute_store.go:113.16,115.3 1 0
github.com/nrc-no/core/pkg/apps/iam/attribute_store.go:126.16,128.3 1 0
github.com/nrc-no/core/pkg/apps/iam/individual_store.go:15.94,20.2 2 0
github.com/nrc-no/core/pkg/apps/iam/individual_store.go:22.85,25.16 3 0
github.com/nrc-no/core/pkg/apps/iam/individual_store.go:28.2,29.16 2 0
github.com/nrc-no/core/pkg/apps/iam/individual_store.go:32.2,32.12 1 0
github.com/nrc-no/core/pkg/apps/iam/individual_store.go:25.16,27.3 1 0
github.com/nrc-no/core/pkg/apps/iam/individual_store.go:29.16,31.3 1 0
github.com/nrc-no/core/pkg/apps/iam/individual_store.go:35.84,37.16 2 0
github.com/nrc-no/core/pkg/apps/iam/individual_store.go:40.2,41.29 2 0
github.com/nrc-no/core/pkg/apps/iam/individual_store.go:44.2,45.55 2 0
github.com/nrc-no/core/pkg/apps/iam/individual_store.go:48.2,48.24 1 0
github.com/nrc-no/core/pkg/apps/iam/individual_store.go:37.16,39.3 1 0
github.com/nrc-no/core/pkg/apps/iam/individual_store.go:41.29,43.3 1 0
github.com/nrc-no/core/pkg/apps/iam/individual_store.go:45.55,47.3 1 0
github.com/nrc-no/core/pkg/apps/iam/individual_store.go:51.85,53.16 2 0
github.com/nrc-no/core/pkg/apps/iam/individual_store.go:56.2,66.16 3 0
github.com/nrc-no/core/pkg/apps/iam/individual_store.go:69.2,69.12 1 0
github.com/nrc-no/core/pkg/apps/iam/individual_store.go:53.16,55.3 1 0
github.com/nrc-no/core/pkg/apps/iam/individual_store.go:66.16,68.3 1 0
github.com/nrc-no/core/pkg/apps/iam/individual_store.go:72.113,76.55 2 0
github.com/nrc-no/core/pkg/apps/iam/individual_store.go:82.2,82.34 1 0
github.com/nrc-no/core/pkg/apps/iam/individual_store.go:86.2,92.49 2 0
github.com/nrc-no/core/pkg/apps/iam/individual_store.go:96.2,96.39 1 0
github.com/nrc-no/core/pkg/apps/iam/individual_store.go:100.2,101.16 2 0
github.com/nrc-no/core/pkg/apps/iam/individual_store.go:105.2,110.16 5 0
github.com/nrc-no/core/pkg/apps/iam/individual_store.go:113.2,114.6 2 0
github.com/nrc-no/core/pkg/apps/iam/individual_store.go:124.2,124.25 1 0
github.com/nrc-no/core/pkg/apps/iam/individual_store.go:127.2,127.18 1 0
github.com/nrc-no/core/pkg/apps/iam/individual_store.go:130.2,133.8 1 0
github.com/nrc-no/core/pkg/apps/iam/individual_store.go:76.55,77.44 1 0
github.com/nrc-no/core/pkg/apps/iam/individual_store.go:77.44,79.4 1 0
github.com/nrc-no/core/pkg/apps/iam/individual_store.go:82.34,84.3 1 0
github.com/nrc-no/core/pkg/apps/iam/individual_store.go:92.49,94.3 1 0
github.com/nrc-no/core/pkg/apps/iam/individual_store.go:96.39,98.3 1 0
github.com/nrc-no/core/pkg/apps/iam/individual_store.go:101.16,103.3 1 0
github.com/nrc-no/core/pkg/apps/iam/individual_store.go:110.16,112.3 1 0
github.com/nrc-no/core/pkg/apps/iam/individual_store.go:114.6,115.24 1 0
github.com/nrc-no/core/pkg/apps/iam/individual_store.go:118.3,119.43 2 0
github.com/nrc-no/core/pkg/apps/iam/individual_store.go:122.3,122.28 1 0
github.com/nrc-no/core/pkg/apps/iam/individual_store.go:115.24,116.9 1 0
github.com/nrc-no/core/pkg/apps/iam/individual_store.go:119.43,121.4 1 0
github.com/nrc-no/core/pkg/apps/iam/individual_store.go:124.25,126.3 1 0
github.com/nrc-no/core/pkg/apps/iam/individual_store.go:127.18,129.3 1 0
github.com/nrc-no/core/pkg/apps/iam/individual_store.go:136.110,142.2 5 0
github.com/nrc-no/core/pkg/apps/iam/partytype_validation.go:5.90,9.30 2 1
github.com/nrc-no/core/pkg/apps/iam/partytype_validation.go:17.2,17.13 1 1
github.com/nrc-no/core/pkg/apps/iam/partytype_validation.go:9.30,12.3 2 1
github.com/nrc-no/core/pkg/apps/iam/partytype_validation.go:12.8,12.53 1 1
github.com/nrc-no/core/pkg/apps/iam/partytype_validation.go:12.53,15.3 2 1
github.com/nrc-no/core/pkg/apps/iam/relationshiptype_get.go:7.80,11.40 3 0
github.com/nrc-no/core/pkg/apps/iam/relationshiptype_get.go:15.2,16.16 2 0
github.com/nrc-no/core/pkg/apps/iam/relationshiptype_get.go:21.2,21.31 1 0
github.com/nrc-no/core/pkg/apps/iam/relationshiptype_get.go:11.40,13.3 1 0
github.com/nrc-no/core/pkg/apps/iam/relationshiptype_get.go:16.16,19.3 2 0
github.com/nrc-no/core/pkg/apps/iam/relationship_delete.go:7.79,11.40 3 0
github.com/nrc-no/core/pkg/apps/iam/relationship_delete.go:15.2,16.16 2 0
github.com/nrc-no/core/pkg/apps/iam/relationship_delete.go:11.40,13.3 1 0
github.com/nrc-no/core/pkg/apps/iam/relationship_delete.go:16.16,19.3 2 0
github.com/nrc-no/core/pkg/apps/iam/attribute_get.go:7.73,12.40 3 0
github.com/nrc-no/core/pkg/apps/iam/attribute_get.go:16.2,17.16 2 0
github.com/nrc-no/core/pkg/apps/iam/attribute_get.go:22.2,22.29 1 0
github.com/nrc-no/core/pkg/apps/iam/attribute_get.go:12.40,14.3 1 0
github.com/nrc-no/core/pkg/apps/iam/attribute_get.go:17.16,20.3 2 0
github.com/nrc-no/core/pkg/apps/iam/auth.go:9.69,11.49 1 0
github.com/nrc-no/core/pkg/apps/iam/auth.go:11.49,12.74 1 0
github.com/nrc-no/core/pkg/apps/iam/auth.go:12.74,14.105 1 0
github.com/nrc-no/core/pkg/apps/iam/auth.go:18.4,19.18 2 0
github.com/nrc-no/core/pkg/apps/iam/auth.go:24.4,29.18 2 0
github.com/nrc-no/core/pkg/apps/iam/auth.go:34.4,34.28 1 0
github.com/nrc-no/core/pkg/apps/iam/auth.go:39.4,39.29 1 0
github.com/nrc-no/core/pkg/apps/iam/auth.go:14.105,16.5 1 0
github.com/nrc-no/core/pkg/apps/iam/auth.go:19.18,22.5 2 0
github.com/nrc-no/core/pkg/apps/iam/auth.go:29.18,32.5 2 0
github.com/nrc-no/core/pkg/apps/iam/auth.go:34.28,37.5 2 0
github.com/nrc-no/core/pkg/apps/iam/individual_post.go:9.75,13.49 3 0
github.com/nrc-no/core/pkg/apps/iam/individual_post.go:18.2,21.22 3 0
github.com/nrc-no/core/pkg/apps/iam/individual_post.go:27.2,28.49 2 0
github.com/nrc-no/core/pkg/apps/iam/individual_post.go:40.2,42.67 2 0
github.com/nrc-no/core/pkg/apps/iam/individual_post.go:47.2,47.38 1 0
github.com/nrc-no/core/pkg/apps/iam/individual_post.go:13.49,16.3 2 0
github.com/nrc-no/core/pkg/apps/iam/individual_post.go:21.22,25.3 3 0
github.com/nrc-no/core/pkg/apps/iam/individual_post.go:28.49,29.23 1 0
github.com/nrc-no/core/pkg/apps/iam/individual_post.go:32.3,32.32 1 0
github.com/nrc-no/core/pkg/apps/iam/individual_post.go:29.23,30.12 1 0
github.com/nrc-no/core/pkg/apps/iam/individual_post.go:32.32,33.23 1 0
github.com/nrc-no/core/pkg/apps/iam/individual_post.go:36.4,36.42 1 0
github.com/nrc-no/core/pkg/apps/iam/individual_post.go:33.23,34.13 1 0
github.com/nrc-no/core/pkg/apps/iam/individual_post.go:42.67,45.3 2 0
github.com/nrc-no/core/pkg/apps/iam/party_put.go:8.69,12.40 3 0
github.com/nrc-no/core/pkg/apps/iam/party_put.go:16.2,17.16 2 0
github.com/nrc-no/core/pkg/apps/iam/party_put.go:22.2,23.46 2 0
github.com/nrc-no/core/pkg/apps/iam/party_put.go:28.2,32.22 4 0
github.com/nrc-no/core/pkg/apps/iam/party_put.go:38.2,38.52 1 0
github.com/nrc-no/core/pkg/apps/iam/party_put.go:43.2,43.29 1 0
github.com/nrc-no/core/pkg/apps/iam/party_put.go:12.40,14.3 1 0
github.com/nrc-no/core/pkg/apps/iam/party_put.go:17.16,20.3 2 0
github.com/nrc-no/core/pkg/apps/iam/party_put.go:23.46,26.3 2 0
github.com/nrc-no/core/pkg/apps/iam/party_put.go:32.22,36.3 3 0
github.com/nrc-no/core/pkg/apps/iam/party_put.go:38.52,41.3 2 0
github.com/nrc-no/core/pkg/apps/iam/relationship_client.go:14.92,18.2 3 0
github.com/nrc-no/core/pkg/apps/iam/relationship_client.go:20.106,24.2 3 0
github.com/nrc-no/core/pkg/apps/iam/relationship_client.go:26.106,30.2 3 0
github.com/nrc-no/core/pkg/apps/iam/relationship_client.go:32.123,36.2 3 0
github.com/nrc-no/core/pkg/apps/iam/relationship_client.go:38.78,40.2 1 0
github.com/nrc-no/core/pkg/apps/iam/party_post.go:9.70,13.44 3 0
github.com/nrc-no/core/pkg/apps/iam/party_post.go:18.2,23.22 4 0
github.com/nrc-no/core/pkg/apps/iam/party_post.go:29.2,29.52 1 0
github.com/nrc-no/core/pkg/apps/iam/party_post.go:34.2,34.29 1 0
github.com/nrc-no/core/pkg/apps/iam/party_post.go:13.44,16.3 2 0
github.com/nrc-no/core/pkg/apps/iam/party_post.go:23.22,27.3 3 0
github.com/nrc-no/core/pkg/apps/iam/party_post.go:29.52,32.3 2 0
github.com/nrc-no/core/pkg/apps/iam/party_validation.go:5.78,9.34 2 1
github.com/nrc-no/core/pkg/apps/iam/party_validation.go:17.2,17.13 1 1
github.com/nrc-no/core/pkg/apps/iam/party_validation.go:9.34,12.3 2 1
github.com/nrc-no/core/pkg/apps/iam/partytype_post.go:9.74,13.46 3 0
github.com/nrc-no/core/pkg/apps/iam/partytype_post.go:18.2,22.22 4 0
github.com/nrc-no/core/pkg/apps/iam/partytype_post.go:28.2,28.56 1 0
github.com/nrc-no/core/pkg/apps/iam/partytype_post.go:33.2,33.29 1 0
github.com/nrc-no/core/pkg/apps/iam/partytype_post.go:13.46,16.3 2 0
github.com/nrc-no/core/pkg/apps/iam/partytype_post.go:22.22,26.3 3 0
github.com/nrc-no/core/pkg/apps/iam/partytype_post.go:28.56,31.3 2 0
github.com/nrc-no/core/pkg/apps/iam/partytype_put.go:8.73,12.40 3 0
github.com/nrc-no/core/pkg/apps/iam/partytype_put.go:16.2,17.16 2 0
github.com/nrc-no/core/pkg/apps/iam/partytype_put.go:22.2,23.46 2 0
github.com/nrc-no/core/pkg/apps/iam/partytype_put.go:28.2,32.22 4 0
github.com/nrc-no/core/pkg/apps/iam/partytype_put.go:38.2,38.56 1 0
github.com/nrc-no/core/pkg/apps/iam/partytype_put.go:43.2,43.29 1 0
github.com/nrc-no/core/pkg/apps/iam/partytype_put.go:12.40,14.3 1 0
github.com/nrc-no/core/pkg/apps/iam/partytype_put.go:17.16,20.3 2 0
github.com/nrc-no/core/pkg/apps/iam/partytype_put.go:23.46,26.3 2 0
github.com/nrc-no/core/pkg/apps/iam/partytype_put.go:32.22,36.3 3 0
github.com/nrc-no/core/pkg/apps/iam/partytype_put.go:38.56,41.3 2 0
github.com/nrc-no/core/pkg/apps/iam/relationshiptype_post.go:9.81,13.46 3 0
github.com/nrc-no/core/pkg/apps/iam/relationshiptype_post.go:18.2,22.22 4 0
github.com/nrc-no/core/pkg/apps/iam/relationshiptype_post.go:28.2,28.63 1 0
github.com/nrc-no/core/pkg/apps/iam/relationshiptype_post.go:33.2,33.29 1 0
github.com/nrc-no/core/pkg/apps/iam/relationshiptype_post.go:13.46,16.3 2 0
github.com/nrc-no/core/pkg/apps/iam/relationshiptype_post.go:22.22,26.3 3 0
github.com/nrc-no/core/pkg/apps/iam/relationshiptype_post.go:28.63,31.3 2 0
github.com/nrc-no/core/pkg/apps/iam/relationshiptype_store.go:15.136,24.16 5 0
github.com/nrc-no/core/pkg/apps/iam/relationshiptype_store.go:28.2,33.17 1 0
github.com/nrc-no/core/pkg/apps/iam/relationshiptype_store.go:37.2,37.19 1 0
github.com/nrc-no/core/pkg/apps/iam/relationshiptype_store.go:24.16,26.3 1 0
github.com/nrc-no/core/pkg/apps/iam/relationshiptype_store.go:33.17,35.3 1 0
github.com/nrc-no/core/pkg/apps/iam/relationshiptype_store.go:40.96,42.16 2 0
github.com/nrc-no/core/pkg/apps/iam/relationshiptype_store.go:45.2,48.22 2 0
github.com/nrc-no/core/pkg/apps/iam/relationshiptype_store.go:51.2,52.39 2 0
github.com/nrc-no/core/pkg/apps/iam/relationshiptype_store.go:55.2,55.16 1 0
github.com/nrc-no/core/pkg/apps/iam/relationshiptype_store.go:42.16,44.3 1 0
github.com/nrc-no/core/pkg/apps/iam/relationshiptype_store.go:48.22,50.3 1 0
github.com/nrc-no/core/pkg/apps/iam/relationshiptype_store.go:52.39,54.3 1 0
github.com/nrc-no/core/pkg/apps/iam/relationshiptype_store.go:58.131,62.39 2 0
github.com/nrc-no/core/pkg/apps/iam/relationshiptype_store.go:74.2,75.16 2 0
github.com/nrc-no/core/pkg/apps/iam/relationshiptype_store.go:78.2,79.16 2 0
github.com/nrc-no/core/pkg/apps/iam/relationshiptype_store.go:82.2,83.6 2 0
github.com/nrc-no/core/pkg/apps/iam/relationshiptype_store.go:93.2,93.22 1 0
github.com/nrc-no/core/pkg/apps/iam/relationshiptype_store.go:96.2,99.18 2 0
github.com/nrc-no/core/pkg/apps/iam/relationshiptype_store.go:62.39,73.3 1 0
github.com/nrc-no/core/pkg/apps/iam/relationshiptype_store.go:75.16,77.3 1 0
github.com/nrc-no/core/pkg/apps/iam/relationshiptype_store.go:79.16,81.3 1 0
github.com/nrc-no/core/pkg/apps/iam/relationshiptype_store.go:83.6,84.21 1 0
github.com/nrc-no/core/pkg/apps/iam/relationshiptype_store.go:87.3,88.40 2 0
github.com/nrc-no/core/pkg/apps/iam/relationshiptype_store.go:91.3,91.28 1 0
github.com/nrc-no/core/pkg/apps/iam/relationshiptype_store.go:84.21,85.9 1 0
github.com/nrc-no/core/pkg/apps/iam/relationshiptype_store.go:88.40,90.4 1 0
github.com/nrc-no/core/pkg/apps/iam/relationshiptype_store.go:93.22,95.3 1 0
github.com/nrc-no/core/pkg/apps/iam/relationshiptype_store.go:102.103,104.16 2 0
github.com/nrc-no/core/pkg/apps/iam/relationshiptype_store.go:107.2,118.16 2 0
github.com/nrc-no/core/pkg/apps/iam/relationshiptype_store.go:121.2,121.12 1 0
github.com/nrc-no/core/pkg/apps/iam/relationshiptype_store.go:104.16,106.3 1 0
github.com/nrc-no/core/pkg/apps/iam/relationshiptype_store.go:118.16,120.3 1 0
github.com/nrc-no/core/pkg/apps/iam/relationshiptype_store.go:124.103,126.16 2 0
github.com/nrc-no/core/pkg/apps/iam/relationshiptype_store.go:129.2,130.16 2 0
github.com/nrc-no/core/pkg/apps/iam/relationshiptype_store.go:133.2,133.12 1 0
github.com/nrc-no/core/pkg/apps/iam/relationshiptype_store.go:126.16,128.3 1 0
github.com/nrc-no/core/pkg/apps/iam/relationshiptype_store.go:130.16,132.3 1 0
github.com/nrc-no/core/pkg/apps/iam/validation_test_assertions.go:9.84,10.58 1 1
github.com/nrc-no/core/pkg/apps/iam/validation_test_assertions.go:10.58,13.3 2 1
github.com/nrc-no/core/pkg/apps/iam/validation_test_assertions.go:15.83,16.58 1 1
github.com/nrc-no/core/pkg/apps/iam/validation_test_assertions.go:16.58,19.3 2 1
github.com/nrc-no/core/pkg/apps/iam/individual_list.go:7.76,11.78 3 0
github.com/nrc-no/core/pkg/apps/iam/individual_list.go:16.2,17.16 2 0
github.com/nrc-no/core/pkg/apps/iam/individual_list.go:22.2,22.32 1 0
github.com/nrc-no/core/pkg/apps/iam/individual_list.go:11.78,14.3 2 0
github.com/nrc-no/core/pkg/apps/iam/individual_list.go:17.16,20.3 2 0
github.com/nrc-no/core/pkg/apps/iam/party_search.go:7.74,11.50 3 0
github.com/nrc-no/core/pkg/apps/iam/party_search.go:16.2,21.16 2 0
github.com/nrc-no/core/pkg/apps/iam/party_search.go:26.2,26.31 1 0
github.com/nrc-no/core/pkg/apps/iam/party_search.go:11.50,14.3 2 0
github.com/nrc-no/core/pkg/apps/iam/party_search.go:21.16,24.3 2 0
github.com/nrc-no/core/pkg/apps/iam/partytype_get.go:7.73,11.40 3 0
github.com/nrc-no/core/pkg/apps/iam/partytype_get.go:15.2,16.16 2 0
github.com/nrc-no/core/pkg/apps/iam/partytype_get.go:21.2,21.31 1 0
github.com/nrc-no/core/pkg/apps/iam/partytype_get.go:11.40,13.3 1 0
github.com/nrc-no/core/pkg/apps/iam/partytype_get.go:16.16,19.3 2 0
github.com/nrc-no/core/pkg/apps/iam/relationship_store.go:15.128,24.16 5 1
github.com/nrc-no/core/pkg/apps/iam/relationship_store.go:28.2,31.17 1 1
github.com/nrc-no/core/pkg/apps/iam/relationship_store.go:35.2,35.19 1 0
github.com/nrc-no/core/pkg/apps/iam/relationship_store.go:24.16,26.3 1 0
github.com/nrc-no/core/pkg/apps/iam/relationship_store.go:31.17,33.3 1 1
github.com/nrc-no/core/pkg/apps/iam/relationship_store.go:39.91,41.16 2 0
github.com/nrc-no/core/pkg/apps/iam/relationship_store.go:44.2,45.16 2 0
github.com/nrc-no/core/pkg/apps/iam/relationship_store.go:48.2,48.12 1 0
github.com/nrc-no/core/pkg/apps/iam/relationship_store.go:41.16,43.3 1 0
github.com/nrc-no/core/pkg/apps/iam/relationship_store.go:45.16,47.3 1 0
github.com/nrc-no/core/pkg/apps/iam/relationship_store.go:51.88,53.16 2 0
github.com/nrc-no/core/pkg/apps/iam/relationship_store.go:56.2,59.22 2 0
github.com/nrc-no/core/pkg/apps/iam/relationship_store.go:62.2,63.39 2 0
github.com/nrc-no/core/pkg/apps/iam/relationship_store.go:66.2,66.16 1 0
github.com/nrc-no/core/pkg/apps/iam/relationship_store.go:53.16,55.3 1 0
github.com/nrc-no/core/pkg/apps/iam/relationship_store.go:59.22,61.3 1 0
github.com/nrc-no/core/pkg/apps/iam/relationship_store.go:63.39,65.3 1 0
github.com/nrc-no/core/pkg/apps/iam/relationship_store.go:69.91,71.16 2 0
github.com/nrc-no/core/pkg/apps/iam/relationship_store.go:74.2,83.16 2 0
github.com/nrc-no/core/pkg/apps/iam/relationship_store.go:86.2,86.12 1 0
github.com/nrc-no/core/pkg/apps/iam/relationship_store.go:71.16,73.3 1 0
github.com/nrc-no/core/pkg/apps/iam/relationship_store.go:83.16,85.3 1 0
github.com/nrc-no/core/pkg/apps/iam/relationship_store.go:89.119,93.45 2 0
github.com/nrc-no/core/pkg/apps/iam/relationship_store.go:97.2,97.40 1 0
github.com/nrc-no/core/pkg/apps/iam/relationship_store.go:111.2,112.16 2 0
github.com/nrc-no/core/pkg/apps/iam/relationship_store.go:116.2,117.16 2 0
github.com/nrc-no/core/pkg/apps/iam/relationship_store.go:120.2,121.6 2 0
github.com/nrc-no/core/pkg/apps/iam/relationship_store.go:131.2,131.22 1 0
github.com/nrc-no/core/pkg/apps/iam/relationship_store.go:134.2,137.18 2 0
github.com/nrc-no/core/pkg/apps/iam/relationship_store.go:93.45,95.3 1 0
github.com/nrc-no/core/pkg/apps/iam/relationship_store.go:97.40,102.3 1 0
github.com/nrc-no/core/pkg/apps/iam/relationship_store.go:102.8,103.40 1 0
github.com/nrc-no/core/pkg/apps/iam/relationship_store.go:106.3,106.41 1 0
github.com/nrc-no/core/pkg/apps/iam/relationship_store.go:103.40,105.4 1 0
github.com/nrc-no/core/pkg/apps/iam/relationship_store.go:106.41,108.4 1 0
github.com/nrc-no/core/pkg/apps/iam/relationship_store.go:112.16,114.3 1 0
github.com/nrc-no/core/pkg/apps/iam/relationship_store.go:117.16,119.3 1 0
github.com/nrc-no/core/pkg/apps/iam/relationship_store.go:121.6,122.21 1 0
github.com/nrc-no/core/pkg/apps/iam/relationship_store.go:125.3,126.40 2 0
github.com/nrc-no/core/pkg/apps/iam/relationship_store.go:129.3,129.28 1 0
github.com/nrc-no/core/pkg/apps/iam/relationship_store.go:122.21,123.9 1 0
github.com/nrc-no/core/pkg/apps/iam/relationship_store.go:126.40,128.4 1 0
github.com/nrc-no/core/pkg/apps/iam/relationship_store.go:131.22,133.3 1 0
github.com/nrc-no/core/pkg/apps/iam/relationship_store.go:140.74,142.16 2 0
github.com/nrc-no/core/pkg/apps/iam/relationship_store.go:145.2,148.16 2 0
github.com/nrc-no/core/pkg/apps/iam/relationship_store.go:151.2,151.12 1 0
github.com/nrc-no/core/pkg/apps/iam/relationship_store.go:142.16,144.3 1 0
github.com/nrc-no/core/pkg/apps/iam/relationship_store.go:148.16,150.3 1 0
github.com/nrc-no/core/pkg/apps/iam/party_client.go:14.78,18.2 3 0
github.com/nrc-no/core/pkg/apps/iam/party_client.go:20.85,24.2 3 0
github.com/nrc-no/core/pkg/apps/iam/party_client.go:26.85,30.2 3 0
github.com/nrc-no/core/pkg/apps/iam/party_client.go:32.102,36.2 3 0
github.com/nrc-no/core/pkg/apps/iam/party_client.go:38.106,42.2 3 0
github.com/nrc-no/core/pkg/apps/iam/relationship_post.go:9.77,13.46 3 0
github.com/nrc-no/core/pkg/apps/iam/relationship_post.go:18.2,23.22 4 0
github.com/nrc-no/core/pkg/apps/iam/relationship_post.go:29.2,29.59 1 0
github.com/nrc-no/core/pkg/apps/iam/relationship_post.go:34.2,34.29 1 0
github.com/nrc-no/core/pkg/apps/iam/relationship_post.go:13.46,16.3 2 0
github.com/nrc-no/core/pkg/apps/iam/relationship_post.go:23.22,27.3 3 0
github.com/nrc-no/core/pkg/apps/iam/relationship_post.go:29.59,32.3 2 0
github.com/nrc-no/core/pkg/apps/iam/team_get.go:7.68,11.40 3 0
github.com/nrc-no/core/pkg/apps/iam/team_get.go:15.2,16.16 2 0
github.com/nrc-no/core/pkg/apps/iam/team_get.go:21.2,21.31 1 0
github.com/nrc-no/core/pkg/apps/iam/team_get.go:11.40,13.3 1 0
github.com/nrc-no/core/pkg/apps/iam/team_get.go:16.16,19.3 2 0
github.com/nrc-no/core/pkg/apps/iam/team_post.go:8.69,12.46 3 0
github.com/nrc-no/core/pkg/apps/iam/team_post.go:17.2,20.54 3 0
github.com/nrc-no/core/pkg/apps/iam/team_post.go:25.2,25.32 1 0
github.com/nrc-no/core/pkg/apps/iam/team_post.go:12.46,15.3 2 0
github.com/nrc-no/core/pkg/apps/iam/team_post.go:20.54,23.3 2 0
github.com/nrc-no/core/pkg/apps/iam/attribute_list.go:7.75,12.78 3 0
github.com/nrc-no/core/pkg/apps/iam/attribute_list.go:17.2,18.16 2 0
github.com/nrc-no/core/pkg/apps/iam/attribute_list.go:23.2,23.32 1 0
github.com/nrc-no/core/pkg/apps/iam/attribute_list.go:12.78,15.3 2 0
github.com/nrc-no/core/pkg/apps/iam/attribute_list.go:18.16,21.3 2 0
github.com/nrc-no/core/pkg/apps/iam/client.go:11.59,15.2 1 0
github.com/nrc-no/core/pkg/apps/iam/client.go:17.42,21.2 1 0
github.com/nrc-no/core/pkg/apps/iam/client.go:23.49,27.2 1 0
github.com/nrc-no/core/pkg/apps/iam/client.go:29.55,33.2 1 0
github.com/nrc-no/core/pkg/apps/iam/client.go:35.63,39.2 1 0
github.com/nrc-no/core/pkg/apps/iam/client.go:41.49,45.2 1 0
github.com/nrc-no/core/pkg/apps/iam/client.go:47.39,51.2 1 0
github.com/nrc-no/core/pkg/apps/iam/client.go:53.45,57.2 1 0
github.com/nrc-no/core/pkg/apps/iam/client.go:59.51,63.2 1 0
github.com/nrc-no/core/pkg/apps/iam/client.go:65.51,69.2 1 0
github.com/nrc-no/core/pkg/apps/iam/country_get.go:7.71,11.40 3 0
github.com/nrc-no/core/pkg/apps/iam/country_get.go:15.2,16.16 2 0
github.com/nrc-no/core/pkg/apps/iam/country_get.go:21.2,21.31 1 0
github.com/nrc-no/core/pkg/apps/iam/country_get.go:11.40,13.3 1 0
github.com/nrc-no/core/pkg/apps/iam/country_get.go:16.16,19.3 2 0
github.com/nrc-no/core/pkg/apps/iam/country_list.go:7.73,11.16 3 0
github.com/nrc-no/core/pkg/apps/iam/country_list.go:16.2,16.31 1 0
github.com/nrc-no/core/pkg/apps/iam/country_list.go:11.16,14.3 2 0
github.com/nrc-no/core/pkg/apps/iam/relationshiptype_put.go:8.80,12.40 3 0
github.com/nrc-no/core/pkg/apps/iam/relationshiptype_put.go:16.2,17.46 2 0
github.com/nrc-no/core/pkg/apps/iam/relationshiptype_put.go:22.2,23.16 2 0
github.com/nrc-no/core/pkg/apps/iam/relationshiptype_put.go:28.2,35.22 7 0
github.com/nrc-no/core/pkg/apps/iam/relationshiptype_put.go:41.2,41.63 1 0
github.com/nrc-no/core/pkg/apps/iam/relationshiptype_put.go:46.2,46.29 1 0
github.com/nrc-no/core/pkg/apps/iam/relationshiptype_put.go:12.40,14.3 1 0
github.com/nrc-no/core/pkg/apps/iam/relationshiptype_put.go:17.46,20.3 2 0
github.com/nrc-no/core/pkg/apps/iam/relationshiptype_put.go:23.16,26.3 2 0
github.com/nrc-no/core/pkg/apps/iam/relationshiptype_put.go:35.22,39.3 3 0
github.com/nrc-no/core/pkg/apps/iam/relationshiptype_put.go:41.63,44.3 2 0
github.com/nrc-no/core/pkg/apps/iam/server.go:30.82,32.16 2 1
github.com/nrc-no/core/pkg/apps/iam/server.go:35.2,35.12 1 0
github.com/nrc-no/core/pkg/apps/iam/server.go:32.16,33.13 1 1
github.com/nrc-no/core/pkg/apps/iam/server.go:38.86,41.16 2 1
github.com/nrc-no/core/pkg/apps/iam/server.go:45.2,46.16 2 0
github.com/nrc-no/core/pkg/apps/iam/server.go:50.2,51.16 2 0
github.com/nrc-no/core/pkg/apps/iam/server.go:55.2,56.16 2 0
github.com/nrc-no/core/pkg/apps/iam/server.go:60.2,61.16 2 0
github.com/nrc-no/core/pkg/apps/iam/server.go:65.2,133.17 43 0
github.com/nrc-no/core/pkg/apps/iam/server.go:41.16,43.3 1 1
github.com/nrc-no/core/pkg/apps/iam/server.go:46.16,48.3 1 0
github.com/nrc-no/core/pkg/apps/iam/server.go:51.16,53.3 1 0
github.com/nrc-no/core/pkg/apps/iam/server.go:56.16,58.3 1 0
github.com/nrc-no/core/pkg/apps/iam/server.go:61.16,63.3 1 0
github.com/nrc-no/core/pkg/apps/iam/server.go:136.70,138.2 1 0
github.com/nrc-no/core/pkg/apps/iam/server.go:140.76,142.2 1 0
github.com/nrc-no/core/pkg/apps/iam/server.go:144.106,146.2 1 0
github.com/nrc-no/core/pkg/apps/iam/server.go:148.58,150.2 1 0
github.com/nrc-no/core/pkg/apps/iam/server.go:152.66,154.2 1 0
github.com/nrc-no/core/pkg/apps/iam/server.go:156.74,158.16 2 0
github.com/nrc-no/core/pkg/apps/iam/server.go:161.2,161.69 1 0
github.com/nrc-no/core/pkg/apps/iam/server.go:164.2,164.36 1 0
github.com/nrc-no/core/pkg/apps/iam/server.go:167.2,167.12 1 0
github.com/nrc-no/core/pkg/apps/iam/server.go:158.16,160.3 1 0
github.com/nrc-no/core/pkg/apps/iam/server.go:161.69,163.3 1 0
github.com/nrc-no/core/pkg/apps/iam/server.go:164.36,166.3 1 0
github.com/nrc-no/core/pkg/apps/iam/attribute_put.go:8.73,13.40 3 0
github.com/nrc-no/core/pkg/apps/iam/attribute_put.go:17.2,18.46 2 0
github.com/nrc-no/core/pkg/apps/iam/attribute_put.go:23.2,24.16 2 0
github.com/nrc-no/core/pkg/apps/iam/attribute_put.go:29.2,35.22 6 0
github.com/nrc-no/core/pkg/apps/iam/attribute_put.go:41.2,41.64 1 0
github.com/nrc-no/core/pkg/apps/iam/attribute_put.go:46.2,46.35 1 0
github.com/nrc-no/core/pkg/apps/iam/attribute_put.go:13.40,15.3 1 0
github.com/nrc-no/core/pkg/apps/iam/attribute_put.go:18.46,21.3 2 0
github.com/nrc-no/core/pkg/apps/iam/attribute_put.go:24.16,27.3 2 0
github.com/nrc-no/core/pkg/apps/iam/attribute_put.go:35.22,39.3 3 0
github.com/nrc-no/core/pkg/apps/iam/attribute_put.go:41.64,44.3 2 0
github.com/nrc-no/core/pkg/apps/iam/country_post.go:8.72,12.46 3 0
github.com/nrc-no/core/pkg/apps/iam/country_post.go:17.2,20.60 3 0
github.com/nrc-no/core/pkg/apps/iam/country_post.go:25.2,25.35 1 0
github.com/nrc-no/core/pkg/apps/iam/country_post.go:12.46,15.3 2 0
github.com/nrc-no/core/pkg/apps/iam/country_post.go:20.60,23.3 2 0
github.com/nrc-no/core/pkg/apps/iam/individual_get.go:7.74,11.40 3 0
github.com/nrc-no/core/pkg/apps/iam/individual_get.go:15.2,16.16 2 0
github.com/nrc-no/core/pkg/apps/iam/individual_get.go:21.2,21.29 1 0
github.com/nrc-no/core/pkg/apps/iam/individual_get.go:11.40,13.3 1 0
github.com/nrc-no/core/pkg/apps/iam/individual_get.go:16.16,19.3 2 0
github.com/nrc-no/core/pkg/apps/iam/individual_validation.go:8.93,11.60 2 0
github.com/nrc-no/core/pkg/apps/iam/individual_validation.go:15.2,15.13 1 0
github.com/nrc-no/core/pkg/apps/iam/individual_validation.go:11.60,13.3 1 0
github.com/nrc-no/core/pkg/apps/iam/init.go:8.50,10.45 1 0
github.com/nrc-no/core/pkg/apps/iam/init.go:14.2,14.52 1 0
github.com/nrc-no/core/pkg/apps/iam/init.go:18.2,18.45 1 0
github.com/nrc-no/core/pkg/apps/iam/init.go:22.2,22.12 1 0
github.com/nrc-no/core/pkg/apps/iam/init.go:10.45,12.3 1 0
github.com/nrc-no/core/pkg/apps/iam/init.go:14.52,16.3 1 0
github.com/nrc-no/core/pkg/apps/iam/init.go:18.45,20.3 1 0
github.com/nrc-no/core/pkg/apps/iam/init.go:26.59,32.4 1 0
github.com/nrc-no/core/pkg/apps/iam/init.go:42.2,42.12 1 0
github.com/nrc-no/core/pkg/apps/iam/init.go:32.4,33.66 1 0
github.com/nrc-no/core/pkg/apps/iam/init.go:33.66,34.39 1 0
github.com/nrc-no/core/pkg/apps/iam/init.go:37.4,37.67 1 0
github.com/nrc-no/core/pkg/apps/iam/init.go:34.39,36.5 1 0
github.com/nrc-no/core/pkg/apps/iam/init.go:37.67,39.5 1 0
github.com/nrc-no/core/pkg/apps/iam/init.go:45.66,52.4 1 0
github.com/nrc-no/core/pkg/apps/iam/init.go:62.2,62.12 1 0
github.com/nrc-no/core/pkg/apps/iam/init.go:52.4,53.80 1 0
github.com/nrc-no/core/pkg/apps/iam/init.go:53.80,54.39 1 0
github.com/nrc-no/core/pkg/apps/iam/init.go:57.4,57.81 1 0
github.com/nrc-no/core/pkg/apps/iam/init.go:54.39,56.5 1 0
github.com/nrc-no/core/pkg/apps/iam/init.go:57.81,59.5 1 0
github.com/nrc-no/core/pkg/apps/iam/init.go:65.59,99.4 1 0
github.com/nrc-no/core/pkg/apps/iam/init.go:109.2,109.12 1 0
github.com/nrc-no/core/pkg/apps/iam/init.go:99.4,100.66 1 0
github.com/nrc-no/core/pkg/apps/iam/init.go:100.66,101.39 1 0
github.com/nrc-no/core/pkg/apps/iam/init.go:104.4,104.67 1 0
github.com/nrc-no/core/pkg/apps/iam/init.go:101.39,103.5 1 0
github.com/nrc-no/core/pkg/apps/iam/init.go:104.67,106.5 1 0
github.com/nrc-no/core/pkg/apps/iam/membership_list.go:5.76,9.78 3 0
github.com/nrc-no/core/pkg/apps/iam/membership_list.go:14.2,15.16 2 0
github.com/nrc-no/core/pkg/apps/iam/membership_list.go:20.2,20.31 1 0
github.com/nrc-no/core/pkg/apps/iam/membership_list.go:9.78,12.3 2 0
github.com/nrc-no/core/pkg/apps/iam/membership_list.go:15.16,18.3 2 0
