mode: set
github.com/nrc-no/core/pkg/apps/iam/relationship_put.go:7.76,11.40 3 1
github.com/nrc-no/core/pkg/apps/iam/relationship_put.go:15.2,16.16 2 1
github.com/nrc-no/core/pkg/apps/iam/relationship_put.go:21.2,22.46 2 1
github.com/nrc-no/core/pkg/apps/iam/relationship_put.go:27.2,32.59 5 1
github.com/nrc-no/core/pkg/apps/iam/relationship_put.go:37.2,37.29 1 1
github.com/nrc-no/core/pkg/apps/iam/relationship_put.go:11.40,13.3 1 0
github.com/nrc-no/core/pkg/apps/iam/relationship_put.go:16.16,19.3 2 0
github.com/nrc-no/core/pkg/apps/iam/relationship_put.go:22.46,25.3 2 0
github.com/nrc-no/core/pkg/apps/iam/relationship_put.go:32.59,35.3 2 0
github.com/nrc-no/core/pkg/apps/iam/relationship_delete.go:7.79,11.40 3 0
github.com/nrc-no/core/pkg/apps/iam/relationship_delete.go:15.2,16.16 2 0
github.com/nrc-no/core/pkg/apps/iam/relationship_delete.go:11.40,13.3 1 0
github.com/nrc-no/core/pkg/apps/iam/relationship_delete.go:16.16,19.3 2 0
github.com/nrc-no/core/pkg/apps/iam/membership_store.go:13.80,15.2 1 1
github.com/nrc-no/core/pkg/apps/iam/membership_store.go:17.113,24.16 2 1
github.com/nrc-no/core/pkg/apps/iam/membership_store.go:28.2,29.33 2 1
github.com/nrc-no/core/pkg/apps/iam/membership_store.go:33.2,35.8 1 1
github.com/nrc-no/core/pkg/apps/iam/membership_store.go:24.16,26.3 1 0
github.com/nrc-no/core/pkg/apps/iam/membership_store.go:29.33,31.3 1 1
github.com/nrc-no/core/pkg/apps/iam/membership_store.go:39.84,41.16 2 1
github.com/nrc-no/core/pkg/apps/iam/membership_store.go:44.2,44.61 1 1
github.com/nrc-no/core/pkg/apps/iam/membership_store.go:48.2,48.46 1 1
github.com/nrc-no/core/pkg/apps/iam/membership_store.go:41.16,43.3 1 0
github.com/nrc-no/core/pkg/apps/iam/membership_store.go:44.61,46.3 1 0
github.com/nrc-no/core/pkg/apps/iam/membership_store.go:52.103,58.16 2 1
github.com/nrc-no/core/pkg/apps/iam/membership_store.go:61.2,61.25 1 1
github.com/nrc-no/core/pkg/apps/iam/membership_store.go:64.2,64.55 1 0
github.com/nrc-no/core/pkg/apps/iam/membership_store.go:58.16,60.3 1 0
github.com/nrc-no/core/pkg/apps/iam/membership_store.go:61.25,63.3 1 1
github.com/nrc-no/core/pkg/apps/iam/membership_store.go:67.85,69.16 2 1
github.com/nrc-no/core/pkg/apps/iam/membership_store.go:72.2,72.16 1 1
github.com/nrc-no/core/pkg/apps/iam/membership_store.go:75.2,76.18 2 1
github.com/nrc-no/core/pkg/apps/iam/membership_store.go:79.2,79.45 1 1
github.com/nrc-no/core/pkg/apps/iam/membership_store.go:69.16,71.3 1 0
github.com/nrc-no/core/pkg/apps/iam/membership_store.go:72.16,74.3 1 0
github.com/nrc-no/core/pkg/apps/iam/membership_store.go:76.18,78.3 1 0
github.com/nrc-no/core/pkg/apps/iam/membership_store.go:82.65,88.2 1 1
github.com/nrc-no/core/pkg/apps/iam/membership_store.go:90.72,97.2 1 1
github.com/nrc-no/core/pkg/apps/iam/init.go:8.50,10.45 1 1
github.com/nrc-no/core/pkg/apps/iam/init.go:14.2,14.52 1 1
github.com/nrc-no/core/pkg/apps/iam/init.go:18.2,18.45 1 1
github.com/nrc-no/core/pkg/apps/iam/init.go:22.2,22.12 1 1
github.com/nrc-no/core/pkg/apps/iam/init.go:10.45,12.3 1 0
github.com/nrc-no/core/pkg/apps/iam/init.go:14.52,16.3 1 0
github.com/nrc-no/core/pkg/apps/iam/init.go:18.45,20.3 1 0
github.com/nrc-no/core/pkg/apps/iam/init.go:26.59,32.4 1 1
github.com/nrc-no/core/pkg/apps/iam/init.go:42.2,42.12 1 1
github.com/nrc-no/core/pkg/apps/iam/init.go:32.4,33.66 1 1
github.com/nrc-no/core/pkg/apps/iam/init.go:33.66,34.39 1 0
github.com/nrc-no/core/pkg/apps/iam/init.go:37.4,37.67 1 0
github.com/nrc-no/core/pkg/apps/iam/init.go:34.39,36.5 1 0
github.com/nrc-no/core/pkg/apps/iam/init.go:37.67,39.5 1 0
github.com/nrc-no/core/pkg/apps/iam/init.go:45.66,52.4 1 1
github.com/nrc-no/core/pkg/apps/iam/init.go:62.2,62.12 1 1
github.com/nrc-no/core/pkg/apps/iam/init.go:52.4,53.80 1 1
github.com/nrc-no/core/pkg/apps/iam/init.go:53.80,54.39 1 0
github.com/nrc-no/core/pkg/apps/iam/init.go:57.4,57.81 1 0
github.com/nrc-no/core/pkg/apps/iam/init.go:54.39,56.5 1 0
github.com/nrc-no/core/pkg/apps/iam/init.go:57.81,59.5 1 0
github.com/nrc-no/core/pkg/apps/iam/init.go:65.59,99.4 1 1
github.com/nrc-no/core/pkg/apps/iam/init.go:109.2,109.12 1 1
github.com/nrc-no/core/pkg/apps/iam/init.go:99.4,100.66 1 1
github.com/nrc-no/core/pkg/apps/iam/init.go:100.66,101.39 1 0
github.com/nrc-no/core/pkg/apps/iam/init.go:104.4,104.67 1 0
github.com/nrc-no/core/pkg/apps/iam/init.go:101.39,103.5 1 0
github.com/nrc-no/core/pkg/apps/iam/init.go:104.67,106.5 1 0
github.com/nrc-no/core/pkg/apps/iam/party_store.go:15.114,24.16 5 1
github.com/nrc-no/core/pkg/apps/iam/party_store.go:28.2,31.17 1 1
github.com/nrc-no/core/pkg/apps/iam/party_store.go:36.2,45.17 1 1
github.com/nrc-no/core/pkg/apps/iam/party_store.go:49.2,49.19 1 1
github.com/nrc-no/core/pkg/apps/iam/party_store.go:24.16,26.3 1 0
github.com/nrc-no/core/pkg/apps/iam/party_store.go:31.17,33.3 1 0
github.com/nrc-no/core/pkg/apps/iam/party_store.go:45.17,47.3 1 0
github.com/nrc-no/core/pkg/apps/iam/party_store.go:52.74,54.16 2 1
github.com/nrc-no/core/pkg/apps/iam/party_store.go:57.2,60.22 2 1
github.com/nrc-no/core/pkg/apps/iam/party_store.go:63.2,64.39 2 1
github.com/nrc-no/core/pkg/apps/iam/party_store.go:67.2,67.16 1 1
github.com/nrc-no/core/pkg/apps/iam/party_store.go:54.16,56.3 1 0
github.com/nrc-no/core/pkg/apps/iam/party_store.go:60.22,62.3 1 0
github.com/nrc-no/core/pkg/apps/iam/party_store.go:64.39,66.3 1 0
github.com/nrc-no/core/pkg/apps/iam/party_store.go:70.53,72.29 2 1
github.com/nrc-no/core/pkg/apps/iam/party_store.go:75.2,75.8 1 1
github.com/nrc-no/core/pkg/apps/iam/party_store.go:72.29,74.3 1 1
github.com/nrc-no/core/pkg/apps/iam/party_store.go:78.100,81.40 2 1
github.com/nrc-no/core/pkg/apps/iam/party_store.go:85.2,85.36 1 1
github.com/nrc-no/core/pkg/apps/iam/party_store.go:89.2,89.70 1 1
github.com/nrc-no/core/pkg/apps/iam/party_store.go:95.2,95.39 1 1
github.com/nrc-no/core/pkg/apps/iam/party_store.go:99.2,100.16 2 1
github.com/nrc-no/core/pkg/apps/iam/party_store.go:104.2,105.16 2 1
github.com/nrc-no/core/pkg/apps/iam/party_store.go:108.2,109.6 2 1
github.com/nrc-no/core/pkg/apps/iam/party_store.go:119.2,119.22 1 1
github.com/nrc-no/core/pkg/apps/iam/party_store.go:122.2,122.18 1 1
github.com/nrc-no/core/pkg/apps/iam/party_store.go:125.2,128.18 2 1
github.com/nrc-no/core/pkg/apps/iam/party_store.go:81.40,83.3 1 1
github.com/nrc-no/core/pkg/apps/iam/party_store.go:85.36,87.3 1 0
github.com/nrc-no/core/pkg/apps/iam/party_store.go:89.70,90.50 1 1
github.com/nrc-no/core/pkg/apps/iam/party_store.go:90.50,92.4 1 1
github.com/nrc-no/core/pkg/apps/iam/party_store.go:95.39,97.3 1 0
github.com/nrc-no/core/pkg/apps/iam/party_store.go:100.16,102.3 1 0
github.com/nrc-no/core/pkg/apps/iam/party_store.go:105.16,107.3 1 0
github.com/nrc-no/core/pkg/apps/iam/party_store.go:109.6,110.21 1 1
github.com/nrc-no/core/pkg/apps/iam/party_store.go:113.3,114.40 2 1
github.com/nrc-no/core/pkg/apps/iam/party_store.go:117.3,117.28 1 1
github.com/nrc-no/core/pkg/apps/iam/party_store.go:110.21,111.9 1 1
github.com/nrc-no/core/pkg/apps/iam/party_store.go:114.40,116.4 1 0
github.com/nrc-no/core/pkg/apps/iam/party_store.go:119.22,121.3 1 0
github.com/nrc-no/core/pkg/apps/iam/party_store.go:122.18,124.3 1 0
github.com/nrc-no/core/pkg/apps/iam/party_store.go:131.70,133.16 2 1
github.com/nrc-no/core/pkg/apps/iam/party_store.go:136.2,144.16 2 1
github.com/nrc-no/core/pkg/apps/iam/party_store.go:147.2,147.12 1 1
github.com/nrc-no/core/pkg/apps/iam/party_store.go:133.16,135.3 1 0
github.com/nrc-no/core/pkg/apps/iam/party_store.go:144.16,146.3 1 0
github.com/nrc-no/core/pkg/apps/iam/party_store.go:150.70,152.16 2 1
github.com/nrc-no/core/pkg/apps/iam/party_store.go:155.2,156.16 2 1
github.com/nrc-no/core/pkg/apps/iam/party_store.go:159.2,159.12 1 1
github.com/nrc-no/core/pkg/apps/iam/party_store.go:152.16,154.3 1 0
github.com/nrc-no/core/pkg/apps/iam/party_store.go:156.16,158.3 1 0
github.com/nrc-no/core/pkg/apps/iam/party_store.go:166.85,168.45 2 0
github.com/nrc-no/core/pkg/apps/iam/party_store.go:171.2,172.16 2 0
github.com/nrc-no/core/pkg/apps/iam/party_store.go:175.2,176.22 2 0
github.com/nrc-no/core/pkg/apps/iam/party_store.go:179.2,180.43 2 0
github.com/nrc-no/core/pkg/apps/iam/party_store.go:183.2,183.19 1 0
github.com/nrc-no/core/pkg/apps/iam/party_store.go:168.45,170.3 1 0
github.com/nrc-no/core/pkg/apps/iam/party_store.go:172.16,174.3 1 0
github.com/nrc-no/core/pkg/apps/iam/party_store.go:176.22,178.3 1 0
github.com/nrc-no/core/pkg/apps/iam/party_store.go:180.43,182.3 1 0
github.com/nrc-no/core/pkg/apps/iam/team_list.go:7.70,11.16 3 1
github.com/nrc-no/core/pkg/apps/iam/team_list.go:16.2,16.31 1 1
github.com/nrc-no/core/pkg/apps/iam/team_list.go:11.16,14.3 2 0
github.com/nrc-no/core/pkg/apps/iam/client_interface.go:27.73,29.28 2 1
github.com/nrc-no/core/pkg/apps/iam/client_interface.go:32.2,32.28 1 1
github.com/nrc-no/core/pkg/apps/iam/client_interface.go:35.2,35.25 1 1
github.com/nrc-no/core/pkg/apps/iam/client_interface.go:43.2,43.17 1 1
github.com/nrc-no/core/pkg/apps/iam/client_interface.go:29.28,31.3 1 1
github.com/nrc-no/core/pkg/apps/iam/client_interface.go:32.28,34.3 1 0
github.com/nrc-no/core/pkg/apps/iam/client_interface.go:35.25,36.40 1 1
github.com/nrc-no/core/pkg/apps/iam/client_interface.go:36.40,37.23 1 1
github.com/nrc-no/core/pkg/apps/iam/client_interface.go:40.4,40.41 1 1
github.com/nrc-no/core/pkg/apps/iam/client_interface.go:37.23,38.13 1 0
github.com/nrc-no/core/pkg/apps/iam/client_interface.go:46.78,49.34 3 1
github.com/nrc-no/core/pkg/apps/iam/client_interface.go:58.2,58.12 1 1
github.com/nrc-no/core/pkg/apps/iam/client_interface.go:49.34,50.75 1 1
github.com/nrc-no/core/pkg/apps/iam/client_interface.go:50.75,51.27 1 1
github.com/nrc-no/core/pkg/apps/iam/client_interface.go:54.4,55.37 2 1
github.com/nrc-no/core/pkg/apps/iam/client_interface.go:51.27,53.5 1 1
github.com/nrc-no/core/pkg/apps/iam/client_interface.go:79.77,81.2 1 1
github.com/nrc-no/core/pkg/apps/iam/client_interface.go:83.82,85.2 1 1
github.com/nrc-no/core/pkg/apps/iam/client_interface.go:101.80,103.35 2 1
github.com/nrc-no/core/pkg/apps/iam/client_interface.go:106.2,106.29 1 1
github.com/nrc-no/core/pkg/apps/iam/client_interface.go:109.2,109.30 1 1
github.com/nrc-no/core/pkg/apps/iam/client_interface.go:112.2,112.30 1 1
github.com/nrc-no/core/pkg/apps/iam/client_interface.go:115.2,115.17 1 1
github.com/nrc-no/core/pkg/apps/iam/client_interface.go:103.35,105.3 1 1
github.com/nrc-no/core/pkg/apps/iam/client_interface.go:106.29,108.3 1 1
github.com/nrc-no/core/pkg/apps/iam/client_interface.go:109.30,111.3 1 1
github.com/nrc-no/core/pkg/apps/iam/client_interface.go:112.30,114.3 1 1
github.com/nrc-no/core/pkg/apps/iam/client_interface.go:118.85,124.2 5 1
github.com/nrc-no/core/pkg/apps/iam/client_interface.go:138.84,140.28 2 1
github.com/nrc-no/core/pkg/apps/iam/client_interface.go:143.2,143.23 1 1
github.com/nrc-no/core/pkg/apps/iam/client_interface.go:140.28,142.3 1 1
github.com/nrc-no/core/pkg/apps/iam/client_interface.go:146.89,149.2 2 1
github.com/nrc-no/core/pkg/apps/iam/client_interface.go:162.77,164.45 2 1
github.com/nrc-no/core/pkg/apps/iam/client_interface.go:167.2,167.17 1 1
github.com/nrc-no/core/pkg/apps/iam/client_interface.go:164.45,166.3 1 1
github.com/nrc-no/core/pkg/apps/iam/client_interface.go:170.82,172.43 2 1
github.com/nrc-no/core/pkg/apps/iam/client_interface.go:175.2,175.12 1 1
github.com/nrc-no/core/pkg/apps/iam/client_interface.go:172.43,174.3 1 1
github.com/nrc-no/core/pkg/apps/iam/client_interface.go:190.72,192.2 1 1
github.com/nrc-no/core/pkg/apps/iam/client_interface.go:194.77,196.2 1 0
github.com/nrc-no/core/pkg/apps/iam/client_interface.go:210.73,212.29 2 0
github.com/nrc-no/core/pkg/apps/iam/client_interface.go:215.2,215.31 1 0
github.com/nrc-no/core/pkg/apps/iam/client_interface.go:218.2,218.20 1 0
github.com/nrc-no/core/pkg/apps/iam/client_interface.go:212.29,214.3 1 0
github.com/nrc-no/core/pkg/apps/iam/client_interface.go:215.31,217.3 1 0
github.com/nrc-no/core/pkg/apps/iam/client_interface.go:221.78,225.2 3 0
github.com/nrc-no/core/pkg/apps/iam/client_interface.go:238.78,240.29 2 1
github.com/nrc-no/core/pkg/apps/iam/client_interface.go:243.2,243.23 1 1
github.com/nrc-no/core/pkg/apps/iam/client_interface.go:246.2,246.20 1 1
github.com/nrc-no/core/pkg/apps/iam/client_interface.go:240.29,242.3 1 0
github.com/nrc-no/core/pkg/apps/iam/client_interface.go:243.23,245.3 1 0
github.com/nrc-no/core/pkg/apps/iam/client_interface.go:249.83,253.2 3 1
github.com/nrc-no/core/pkg/apps/iam/client_interface.go:267.78,269.45 2 1
github.com/nrc-no/core/pkg/apps/iam/client_interface.go:272.2,272.25 1 1
github.com/nrc-no/core/pkg/apps/iam/client_interface.go:280.2,280.20 1 1
github.com/nrc-no/core/pkg/apps/iam/client_interface.go:269.45,271.3 1 1
github.com/nrc-no/core/pkg/apps/iam/client_interface.go:272.25,273.40 1 1
github.com/nrc-no/core/pkg/apps/iam/client_interface.go:273.40,274.23 1 1
github.com/nrc-no/core/pkg/apps/iam/client_interface.go:277.4,277.44 1 1
github.com/nrc-no/core/pkg/apps/iam/client_interface.go:274.23,275.13 1 0
github.com/nrc-no/core/pkg/apps/iam/client_interface.go:283.83,285.34 2 1
github.com/nrc-no/core/pkg/apps/iam/client_interface.go:294.2,294.12 1 1
github.com/nrc-no/core/pkg/apps/iam/client_interface.go:285.34,286.75 1 1
github.com/nrc-no/core/pkg/apps/iam/client_interface.go:286.75,287.27 1 1
github.com/nrc-no/core/pkg/apps/iam/client_interface.go:290.4,291.37 2 1
github.com/nrc-no/core/pkg/apps/iam/client_interface.go:287.27,289.5 1 1
github.com/nrc-no/core/pkg/apps/iam/membership_client.go:14.88,18.2 3 1
github.com/nrc-no/core/pkg/apps/iam/membership_client.go:20.100,24.2 3 1
github.com/nrc-no/core/pkg/apps/iam/membership_client.go:26.100,30.2 3 0
github.com/nrc-no/core/pkg/apps/iam/membership_client.go:32.117,36.2 3 1
github.com/nrc-no/core/pkg/apps/iam/party_get.go:7.69,11.40 3 1
github.com/nrc-no/core/pkg/apps/iam/party_get.go:15.2,16.16 2 1
github.com/nrc-no/core/pkg/apps/iam/party_get.go:21.2,21.31 1 1
github.com/nrc-no/core/pkg/apps/iam/party_get.go:11.40,13.3 1 0
github.com/nrc-no/core/pkg/apps/iam/party_get.go:16.16,19.3 2 0
github.com/nrc-no/core/pkg/apps/iam/party_post.go:8.70,12.44 3 1
github.com/nrc-no/core/pkg/apps/iam/party_post.go:17.2,19.16 2 1
github.com/nrc-no/core/pkg/apps/iam/party_post.go:23.2,23.52 1 1
github.com/nrc-no/core/pkg/apps/iam/party_post.go:28.2,28.29 1 1
github.com/nrc-no/core/pkg/apps/iam/party_post.go:12.44,15.3 2 0
github.com/nrc-no/core/pkg/apps/iam/party_post.go:19.16,21.3 1 0
github.com/nrc-no/core/pkg/apps/iam/party_post.go:23.52,26.3 2 0
github.com/nrc-no/core/pkg/apps/iam/party_search.go:7.74,11.50 3 0
github.com/nrc-no/core/pkg/apps/iam/party_search.go:16.2,21.16 2 0
github.com/nrc-no/core/pkg/apps/iam/party_search.go:26.2,26.31 1 0
github.com/nrc-no/core/pkg/apps/iam/party_search.go:11.50,14.3 2 0
github.com/nrc-no/core/pkg/apps/iam/party_search.go:21.16,24.3 2 0
github.com/nrc-no/core/pkg/apps/iam/relationship_get.go:7.76,11.40 3 1
github.com/nrc-no/core/pkg/apps/iam/relationship_get.go:15.2,16.16 2 1
github.com/nrc-no/core/pkg/apps/iam/relationship_get.go:21.2,21.31 1 1
github.com/nrc-no/core/pkg/apps/iam/relationship_get.go:11.40,13.3 1 0
github.com/nrc-no/core/pkg/apps/iam/relationship_get.go:16.16,19.3 2 0
github.com/nrc-no/core/pkg/apps/iam/attribute_store.go:15.122,24.16 5 1
github.com/nrc-no/core/pkg/apps/iam/attribute_store.go:28.2,32.18 1 1
github.com/nrc-no/core/pkg/apps/iam/attribute_store.go:36.2,36.19 1 1
github.com/nrc-no/core/pkg/apps/iam/attribute_store.go:24.16,26.3 1 0
github.com/nrc-no/core/pkg/apps/iam/attribute_store.go:32.18,34.3 1 0
github.com/nrc-no/core/pkg/apps/iam/attribute_store.go:41.110,45.39 2 1
github.com/nrc-no/core/pkg/apps/iam/attribute_store.go:51.2,52.16 2 1
github.com/nrc-no/core/pkg/apps/iam/attribute_store.go:56.2,57.16 2 1
github.com/nrc-no/core/pkg/apps/iam/attribute_store.go:60.2,61.6 2 1
github.com/nrc-no/core/pkg/apps/iam/attribute_store.go:71.2,71.25 1 1
github.com/nrc-no/core/pkg/apps/iam/attribute_store.go:75.2,77.8 1 1
github.com/nrc-no/core/pkg/apps/iam/attribute_store.go:45.39,49.3 1 1
github.com/nrc-no/core/pkg/apps/iam/attribute_store.go:52.16,54.3 1 0
github.com/nrc-no/core/pkg/apps/iam/attribute_store.go:57.16,59.3 1 0
github.com/nrc-no/core/pkg/apps/iam/attribute_store.go:61.6,62.24 1 1
github.com/nrc-no/core/pkg/apps/iam/attribute_store.go:65.3,66.43 2 1
github.com/nrc-no/core/pkg/apps/iam/attribute_store.go:69.3,69.26 1 1
github.com/nrc-no/core/pkg/apps/iam/attribute_store.go:62.24,63.9 1 1
github.com/nrc-no/core/pkg/apps/iam/attribute_store.go:66.43,68.4 1 0
github.com/nrc-no/core/pkg/apps/iam/attribute_store.go:71.25,73.3 1 0
github.com/nrc-no/core/pkg/apps/iam/attribute_store.go:81.82,83.16 2 1
github.com/nrc-no/core/pkg/apps/iam/attribute_store.go:86.2,87.16 2 1
github.com/nrc-no/core/pkg/apps/iam/attribute_store.go:90.2,90.12 1 1
github.com/nrc-no/core/pkg/apps/iam/attribute_store.go:83.16,85.3 1 0
github.com/nrc-no/core/pkg/apps/iam/attribute_store.go:87.16,89.3 1 0
github.com/nrc-no/core/pkg/apps/iam/attribute_store.go:93.82,95.16 2 1
github.com/nrc-no/core/pkg/apps/iam/attribute_store.go:98.2,101.25 2 1
github.com/nrc-no/core/pkg/apps/iam/attribute_store.go:104.2,105.42 2 1
github.com/nrc-no/core/pkg/apps/iam/attribute_store.go:108.2,108.16 1 1
github.com/nrc-no/core/pkg/apps/iam/attribute_store.go:95.16,97.3 1 0
github.com/nrc-no/core/pkg/apps/iam/attribute_store.go:101.25,103.3 1 0
github.com/nrc-no/core/pkg/apps/iam/attribute_store.go:105.42,107.3 1 0
github.com/nrc-no/core/pkg/apps/iam/attribute_store.go:111.82,113.16 2 1
github.com/nrc-no/core/pkg/apps/iam/attribute_store.go:116.2,126.16 2 1
github.com/nrc-no/core/pkg/apps/iam/attribute_store.go:129.2,129.12 1 1
github.com/nrc-no/core/pkg/apps/iam/attribute_store.go:113.16,115.3 1 0
github.com/nrc-no/core/pkg/apps/iam/attribute_store.go:126.16,128.3 1 0
github.com/nrc-no/core/pkg/apps/iam/membership_list.go:5.76,9.78 3 1
github.com/nrc-no/core/pkg/apps/iam/membership_list.go:14.2,15.16 2 1
github.com/nrc-no/core/pkg/apps/iam/membership_list.go:20.2,20.31 1 1
github.com/nrc-no/core/pkg/apps/iam/membership_list.go:9.78,12.3 2 0
github.com/nrc-no/core/pkg/apps/iam/membership_list.go:15.16,18.3 2 0
github.com/nrc-no/core/pkg/apps/iam/team_put.go:7.68,11.40 3 0
github.com/nrc-no/core/pkg/apps/iam/team_put.go:15.2,16.46 2 0
github.com/nrc-no/core/pkg/apps/iam/team_put.go:21.2,22.16 2 0
github.com/nrc-no/core/pkg/apps/iam/team_put.go:27.2,30.51 3 0
github.com/nrc-no/core/pkg/apps/iam/team_put.go:35.2,35.29 1 0
github.com/nrc-no/core/pkg/apps/iam/team_put.go:11.40,13.3 1 0
github.com/nrc-no/core/pkg/apps/iam/team_put.go:16.46,19.3 2 0
github.com/nrc-no/core/pkg/apps/iam/team_put.go:22.16,25.3 2 0
github.com/nrc-no/core/pkg/apps/iam/team_put.go:30.51,33.3 2 0
github.com/nrc-no/core/pkg/apps/iam/attribute_put.go:7.73,12.40 3 1
github.com/nrc-no/core/pkg/apps/iam/attribute_put.go:16.2,17.46 2 1
github.com/nrc-no/core/pkg/apps/iam/attribute_put.go:22.2,23.16 2 1
github.com/nrc-no/core/pkg/apps/iam/attribute_put.go:28.2,33.64 5 1
github.com/nrc-no/core/pkg/apps/iam/attribute_put.go:38.2,38.35 1 1
github.com/nrc-no/core/pkg/apps/iam/attribute_put.go:12.40,14.3 1 0
github.com/nrc-no/core/pkg/apps/iam/attribute_put.go:17.46,20.3 2 0
github.com/nrc-no/core/pkg/apps/iam/attribute_put.go:23.16,26.3 2 0
github.com/nrc-no/core/pkg/apps/iam/attribute_put.go:33.64,36.3 2 0
github.com/nrc-no/core/pkg/apps/iam/partytype_client.go:14.86,18.2 3 1
github.com/nrc-no/core/pkg/apps/iam/partytype_client.go:20.97,24.2 3 1
github.com/nrc-no/core/pkg/apps/iam/partytype_client.go:26.97,30.2 3 0
github.com/nrc-no/core/pkg/apps/iam/partytype_client.go:32.114,36.2 3 1
github.com/nrc-no/core/pkg/apps/iam/relationship_list.go:7.78,11.78 3 1
github.com/nrc-no/core/pkg/apps/iam/relationship_list.go:16.2,17.16 2 1
github.com/nrc-no/core/pkg/apps/iam/relationship_list.go:22.2,22.31 1 1
github.com/nrc-no/core/pkg/apps/iam/relationship_list.go:11.78,14.3 2 0
github.com/nrc-no/core/pkg/apps/iam/relationship_list.go:17.16,20.3 2 0
github.com/nrc-no/core/pkg/apps/iam/relationship_post.go:8.77,12.46 3 1
github.com/nrc-no/core/pkg/apps/iam/relationship_post.go:17.2,19.16 2 1
github.com/nrc-no/core/pkg/apps/iam/relationship_post.go:23.2,23.59 1 1
github.com/nrc-no/core/pkg/apps/iam/relationship_post.go:28.2,28.29 1 1
github.com/nrc-no/core/pkg/apps/iam/relationship_post.go:12.46,15.3 2 0
github.com/nrc-no/core/pkg/apps/iam/relationship_post.go:19.16,21.3 1 0
github.com/nrc-no/core/pkg/apps/iam/relationship_post.go:23.59,26.3 2 0
github.com/nrc-no/core/pkg/apps/iam/relationshiptype_post.go:8.81,12.46 3 1
github.com/nrc-no/core/pkg/apps/iam/relationshiptype_post.go:17.2,20.63 3 1
github.com/nrc-no/core/pkg/apps/iam/relationshiptype_post.go:25.2,25.29 1 1
github.com/nrc-no/core/pkg/apps/iam/relationshiptype_post.go:12.46,15.3 2 0
github.com/nrc-no/core/pkg/apps/iam/relationshiptype_post.go:20.63,23.3 2 0
github.com/nrc-no/core/pkg/apps/iam/individual_list.go:7.76,11.78 3 1
github.com/nrc-no/core/pkg/apps/iam/individual_list.go:16.2,17.16 2 1
github.com/nrc-no/core/pkg/apps/iam/individual_list.go:22.2,22.32 1 1
github.com/nrc-no/core/pkg/apps/iam/individual_list.go:11.78,14.3 2 0
github.com/nrc-no/core/pkg/apps/iam/individual_list.go:17.16,20.3 2 0
github.com/nrc-no/core/pkg/apps/iam/relationshiptype_put.go:7.80,11.40 3 1
github.com/nrc-no/core/pkg/apps/iam/relationshiptype_put.go:15.2,16.46 2 1
github.com/nrc-no/core/pkg/apps/iam/relationshiptype_put.go:21.2,22.16 2 1
github.com/nrc-no/core/pkg/apps/iam/relationshiptype_put.go:27.2,33.63 6 1
github.com/nrc-no/core/pkg/apps/iam/relationshiptype_put.go:38.2,38.29 1 1
github.com/nrc-no/core/pkg/apps/iam/relationshiptype_put.go:11.40,13.3 1 0
github.com/nrc-no/core/pkg/apps/iam/relationshiptype_put.go:16.46,19.3 2 0
github.com/nrc-no/core/pkg/apps/iam/relationshiptype_put.go:22.16,25.3 2 0
github.com/nrc-no/core/pkg/apps/iam/relationshiptype_put.go:33.63,36.3 2 0
github.com/nrc-no/core/pkg/apps/iam/relationshiptype_store.go:15.136,24.16 5 1
github.com/nrc-no/core/pkg/apps/iam/relationshiptype_store.go:28.2,33.17 1 1
github.com/nrc-no/core/pkg/apps/iam/relationshiptype_store.go:37.2,37.19 1 1
github.com/nrc-no/core/pkg/apps/iam/relationshiptype_store.go:24.16,26.3 1 0
github.com/nrc-no/core/pkg/apps/iam/relationshiptype_store.go:33.17,35.3 1 0
github.com/nrc-no/core/pkg/apps/iam/relationshiptype_store.go:40.96,42.16 2 1
github.com/nrc-no/core/pkg/apps/iam/relationshiptype_store.go:45.2,48.22 2 1
github.com/nrc-no/core/pkg/apps/iam/relationshiptype_store.go:51.2,52.39 2 1
github.com/nrc-no/core/pkg/apps/iam/relationshiptype_store.go:55.2,55.16 1 1
github.com/nrc-no/core/pkg/apps/iam/relationshiptype_store.go:42.16,44.3 1 0
github.com/nrc-no/core/pkg/apps/iam/relationshiptype_store.go:48.22,50.3 1 0
github.com/nrc-no/core/pkg/apps/iam/relationshiptype_store.go:52.39,54.3 1 0
github.com/nrc-no/core/pkg/apps/iam/relationshiptype_store.go:58.131,62.39 2 1
github.com/nrc-no/core/pkg/apps/iam/relationshiptype_store.go:74.2,75.16 2 1
github.com/nrc-no/core/pkg/apps/iam/relationshiptype_store.go:78.2,79.16 2 1
github.com/nrc-no/core/pkg/apps/iam/relationshiptype_store.go:82.2,83.6 2 1
github.com/nrc-no/core/pkg/apps/iam/relationshiptype_store.go:93.2,93.22 1 1
github.com/nrc-no/core/pkg/apps/iam/relationshiptype_store.go:96.2,99.18 2 1
github.com/nrc-no/core/pkg/apps/iam/relationshiptype_store.go:62.39,73.3 1 1
github.com/nrc-no/core/pkg/apps/iam/relationshiptype_store.go:75.16,77.3 1 0
github.com/nrc-no/core/pkg/apps/iam/relationshiptype_store.go:79.16,81.3 1 0
github.com/nrc-no/core/pkg/apps/iam/relationshiptype_store.go:83.6,84.21 1 1
github.com/nrc-no/core/pkg/apps/iam/relationshiptype_store.go:87.3,88.40 2 1
github.com/nrc-no/core/pkg/apps/iam/relationshiptype_store.go:91.3,91.28 1 1
github.com/nrc-no/core/pkg/apps/iam/relationshiptype_store.go:84.21,85.9 1 1
github.com/nrc-no/core/pkg/apps/iam/relationshiptype_store.go:88.40,90.4 1 0
github.com/nrc-no/core/pkg/apps/iam/relationshiptype_store.go:93.22,95.3 1 0
github.com/nrc-no/core/pkg/apps/iam/relationshiptype_store.go:102.103,104.16 2 1
github.com/nrc-no/core/pkg/apps/iam/relationshiptype_store.go:107.2,118.16 2 1
github.com/nrc-no/core/pkg/apps/iam/relationshiptype_store.go:121.2,121.12 1 1
github.com/nrc-no/core/pkg/apps/iam/relationshiptype_store.go:104.16,106.3 1 0
github.com/nrc-no/core/pkg/apps/iam/relationshiptype_store.go:118.16,120.3 1 0
github.com/nrc-no/core/pkg/apps/iam/relationshiptype_store.go:124.103,126.16 2 1
github.com/nrc-no/core/pkg/apps/iam/relationshiptype_store.go:129.2,130.16 2 1
github.com/nrc-no/core/pkg/apps/iam/relationshiptype_store.go:133.2,133.12 1 1
github.com/nrc-no/core/pkg/apps/iam/relationshiptype_store.go:126.16,128.3 1 0
github.com/nrc-no/core/pkg/apps/iam/relationshiptype_store.go:130.16,132.3 1 0
github.com/nrc-no/core/pkg/apps/iam/team_client.go:14.76,18.2 3 1
github.com/nrc-no/core/pkg/apps/iam/team_client.go:20.82,24.2 3 1
github.com/nrc-no/core/pkg/apps/iam/team_client.go:26.82,30.2 3 0
github.com/nrc-no/core/pkg/apps/iam/team_client.go:32.99,36.2 3 1
github.com/nrc-no/core/pkg/apps/iam/attribute_client.go:14.86,18.2 3 1
github.com/nrc-no/core/pkg/apps/iam/attribute_client.go:20.97,24.2 3 1
github.com/nrc-no/core/pkg/apps/iam/attribute_client.go:26.97,30.2 3 1
github.com/nrc-no/core/pkg/apps/iam/attribute_client.go:32.114,36.2 3 1
github.com/nrc-no/core/pkg/apps/iam/individual_put.go:7.74,11.40 3 1
github.com/nrc-no/core/pkg/apps/iam/individual_put.go:15.2,16.49 2 1
github.com/nrc-no/core/pkg/apps/iam/individual_put.go:21.2,22.16 2 1
github.com/nrc-no/core/pkg/apps/iam/individual_put.go:27.2,27.67 1 1
github.com/nrc-no/core/pkg/apps/iam/individual_put.go:32.2,32.39 1 1
github.com/nrc-no/core/pkg/apps/iam/individual_put.go:11.40,13.3 1 0
github.com/nrc-no/core/pkg/apps/iam/individual_put.go:16.49,19.3 2 0
github.com/nrc-no/core/pkg/apps/iam/individual_put.go:22.16,25.3 2 0
github.com/nrc-no/core/pkg/apps/iam/individual_put.go:27.67,30.3 2 0
github.com/nrc-no/core/pkg/apps/iam/partytype_get.go:7.73,11.40 3 1
github.com/nrc-no/core/pkg/apps/iam/partytype_get.go:15.2,16.16 2 1
github.com/nrc-no/core/pkg/apps/iam/partytype_get.go:21.2,21.31 1 1
github.com/nrc-no/core/pkg/apps/iam/partytype_get.go:11.40,13.3 1 0
github.com/nrc-no/core/pkg/apps/iam/partytype_get.go:16.16,19.3 2 0
github.com/nrc-no/core/pkg/apps/iam/relationship_store.go:15.128,24.16 5 1
github.com/nrc-no/core/pkg/apps/iam/relationship_store.go:28.2,31.17 1 1
github.com/nrc-no/core/pkg/apps/iam/relationship_store.go:35.2,35.19 1 1
github.com/nrc-no/core/pkg/apps/iam/relationship_store.go:24.16,26.3 1 0
github.com/nrc-no/core/pkg/apps/iam/relationship_store.go:31.17,33.3 1 0
github.com/nrc-no/core/pkg/apps/iam/relationship_store.go:39.91,41.16 2 1
github.com/nrc-no/core/pkg/apps/iam/relationship_store.go:44.2,45.16 2 1
github.com/nrc-no/core/pkg/apps/iam/relationship_store.go:48.2,48.12 1 1
github.com/nrc-no/core/pkg/apps/iam/relationship_store.go:41.16,43.3 1 0
github.com/nrc-no/core/pkg/apps/iam/relationship_store.go:45.16,47.3 1 0
github.com/nrc-no/core/pkg/apps/iam/relationship_store.go:51.88,53.16 2 1
github.com/nrc-no/core/pkg/apps/iam/relationship_store.go:56.2,59.22 2 1
github.com/nrc-no/core/pkg/apps/iam/relationship_store.go:62.2,63.39 2 1
github.com/nrc-no/core/pkg/apps/iam/relationship_store.go:66.2,66.16 1 1
github.com/nrc-no/core/pkg/apps/iam/relationship_store.go:53.16,55.3 1 0
github.com/nrc-no/core/pkg/apps/iam/relationship_store.go:59.22,61.3 1 0
github.com/nrc-no/core/pkg/apps/iam/relationship_store.go:63.39,65.3 1 0
github.com/nrc-no/core/pkg/apps/iam/relationship_store.go:69.91,71.16 2 1
github.com/nrc-no/core/pkg/apps/iam/relationship_store.go:74.2,83.16 2 1
github.com/nrc-no/core/pkg/apps/iam/relationship_store.go:86.2,86.12 1 1
github.com/nrc-no/core/pkg/apps/iam/relationship_store.go:71.16,73.3 1 0
github.com/nrc-no/core/pkg/apps/iam/relationship_store.go:83.16,85.3 1 0
github.com/nrc-no/core/pkg/apps/iam/relationship_store.go:89.119,93.45 2 1
github.com/nrc-no/core/pkg/apps/iam/relationship_store.go:97.2,97.40 1 1
github.com/nrc-no/core/pkg/apps/iam/relationship_store.go:111.2,112.16 2 1
github.com/nrc-no/core/pkg/apps/iam/relationship_store.go:116.2,117.16 2 1
github.com/nrc-no/core/pkg/apps/iam/relationship_store.go:120.2,121.6 2 1
github.com/nrc-no/core/pkg/apps/iam/relationship_store.go:131.2,131.22 1 1
github.com/nrc-no/core/pkg/apps/iam/relationship_store.go:134.2,137.18 2 1
github.com/nrc-no/core/pkg/apps/iam/relationship_store.go:93.45,95.3 1 1
github.com/nrc-no/core/pkg/apps/iam/relationship_store.go:97.40,102.3 1 1
github.com/nrc-no/core/pkg/apps/iam/relationship_store.go:102.8,103.40 1 1
github.com/nrc-no/core/pkg/apps/iam/relationship_store.go:106.3,106.41 1 1
github.com/nrc-no/core/pkg/apps/iam/relationship_store.go:103.40,105.4 1 1
github.com/nrc-no/core/pkg/apps/iam/relationship_store.go:106.41,108.4 1 1
github.com/nrc-no/core/pkg/apps/iam/relationship_store.go:112.16,114.3 1 0
github.com/nrc-no/core/pkg/apps/iam/relationship_store.go:117.16,119.3 1 0
github.com/nrc-no/core/pkg/apps/iam/relationship_store.go:121.6,122.21 1 1
github.com/nrc-no/core/pkg/apps/iam/relationship_store.go:125.3,126.40 2 1
github.com/nrc-no/core/pkg/apps/iam/relationship_store.go:129.3,129.28 1 1
github.com/nrc-no/core/pkg/apps/iam/relationship_store.go:122.21,123.9 1 1
github.com/nrc-no/core/pkg/apps/iam/relationship_store.go:126.40,128.4 1 0
github.com/nrc-no/core/pkg/apps/iam/relationship_store.go:131.22,133.3 1 0
github.com/nrc-no/core/pkg/apps/iam/relationship_store.go:140.74,142.16 2 0
github.com/nrc-no/core/pkg/apps/iam/relationship_store.go:145.2,148.16 2 0
github.com/nrc-no/core/pkg/apps/iam/relationship_store.go:151.2,151.12 1 0
github.com/nrc-no/core/pkg/apps/iam/relationship_store.go:142.16,144.3 1 0
github.com/nrc-no/core/pkg/apps/iam/relationship_store.go:148.16,150.3 1 0
github.com/nrc-no/core/pkg/apps/iam/individual_client.go:14.88,18.2 3 1
github.com/nrc-no/core/pkg/apps/iam/individual_client.go:20.100,24.2 3 1
github.com/nrc-no/core/pkg/apps/iam/individual_client.go:26.100,30.2 3 1
github.com/nrc-no/core/pkg/apps/iam/individual_client.go:32.117,36.2 3 1
github.com/nrc-no/core/pkg/apps/iam/client.go:11.59,15.2 1 1
github.com/nrc-no/core/pkg/apps/iam/client.go:17.42,21.2 1 1
github.com/nrc-no/core/pkg/apps/iam/client.go:23.49,27.2 1 1
github.com/nrc-no/core/pkg/apps/iam/client.go:29.55,33.2 1 1
github.com/nrc-no/core/pkg/apps/iam/client.go:35.63,39.2 1 1
github.com/nrc-no/core/pkg/apps/iam/client.go:41.49,45.2 1 1
github.com/nrc-no/core/pkg/apps/iam/client.go:47.39,51.2 1 1
github.com/nrc-no/core/pkg/apps/iam/client.go:53.51,57.2 1 1
github.com/nrc-no/core/pkg/apps/iam/client.go:59.51,63.2 1 1
github.com/nrc-no/core/pkg/apps/iam/party_list.go:7.72,11.78 3 1
github.com/nrc-no/core/pkg/apps/iam/party_list.go:16.2,20.38 2 1
github.com/nrc-no/core/pkg/apps/iam/party_list.go:24.2,25.16 2 1
github.com/nrc-no/core/pkg/apps/iam/party_list.go:30.2,30.31 1 1
github.com/nrc-no/core/pkg/apps/iam/party_list.go:11.78,14.3 2 0
github.com/nrc-no/core/pkg/apps/iam/party_list.go:20.38,22.3 1 1
github.com/nrc-no/core/pkg/apps/iam/party_list.go:25.16,28.3 2 0
github.com/nrc-no/core/pkg/apps/iam/server.go:29.86,32.16 2 1
github.com/nrc-no/core/pkg/apps/iam/server.go:36.2,37.16 2 1
github.com/nrc-no/core/pkg/apps/iam/server.go:41.2,42.16 2 1
github.com/nrc-no/core/pkg/apps/iam/server.go:46.2,47.16 2 1
github.com/nrc-no/core/pkg/apps/iam/server.go:51.2,52.16 2 1
github.com/nrc-no/core/pkg/apps/iam/server.go:56.2,57.31 2 1
github.com/nrc-no/core/pkg/apps/iam/server.go:61.2,122.17 38 1
github.com/nrc-no/core/pkg/apps/iam/server.go:32.16,34.3 1 0
github.com/nrc-no/core/pkg/apps/iam/server.go:37.16,39.3 1 0
github.com/nrc-no/core/pkg/apps/iam/server.go:42.16,44.3 1 0
github.com/nrc-no/core/pkg/apps/iam/server.go:47.16,49.3 1 0
github.com/nrc-no/core/pkg/apps/iam/server.go:52.16,54.3 1 0
github.com/nrc-no/core/pkg/apps/iam/server.go:57.31,59.3 1 0
github.com/nrc-no/core/pkg/apps/iam/server.go:125.70,127.2 1 1
github.com/nrc-no/core/pkg/apps/iam/server.go:129.76,131.2 1 1
github.com/nrc-no/core/pkg/apps/iam/server.go:133.106,135.2 1 1
github.com/nrc-no/core/pkg/apps/iam/server.go:137.58,139.2 1 0
github.com/nrc-no/core/pkg/apps/iam/server.go:141.66,143.2 1 1
github.com/nrc-no/core/pkg/apps/iam/server.go:145.74,147.16 2 1
github.com/nrc-no/core/pkg/apps/iam/server.go:150.2,150.69 1 1
github.com/nrc-no/core/pkg/apps/iam/server.go:153.2,153.36 1 1
github.com/nrc-no/core/pkg/apps/iam/server.go:156.2,156.12 1 1
github.com/nrc-no/core/pkg/apps/iam/server.go:147.16,149.3 1 0
github.com/nrc-no/core/pkg/apps/iam/server.go:150.69,152.3 1 0
github.com/nrc-no/core/pkg/apps/iam/server.go:153.36,155.3 1 0
github.com/nrc-no/core/pkg/apps/iam/auth.go:9.69,11.49 1 1
github.com/nrc-no/core/pkg/apps/iam/auth.go:11.49,12.74 1 1
github.com/nrc-no/core/pkg/apps/iam/auth.go:12.74,14.94 1 1
github.com/nrc-no/core/pkg/apps/iam/auth.go:18.4,19.18 2 0
github.com/nrc-no/core/pkg/apps/iam/auth.go:24.4,29.18 2 0
github.com/nrc-no/core/pkg/apps/iam/auth.go:34.4,34.28 1 0
github.com/nrc-no/core/pkg/apps/iam/auth.go:39.4,39.29 1 0
github.com/nrc-no/core/pkg/apps/iam/auth.go:14.94,16.5 1 1
github.com/nrc-no/core/pkg/apps/iam/auth.go:19.18,22.5 2 0
github.com/nrc-no/core/pkg/apps/iam/auth.go:29.18,32.5 2 0
github.com/nrc-no/core/pkg/apps/iam/auth.go:34.28,37.5 2 0
github.com/nrc-no/core/pkg/apps/iam/individual_post.go:8.75,12.49 3 1
github.com/nrc-no/core/pkg/apps/iam/individual_post.go:17.2,17.25 1 1
github.com/nrc-no/core/pkg/apps/iam/individual_post.go:21.2,22.49 2 1
github.com/nrc-no/core/pkg/apps/iam/individual_post.go:34.2,36.67 2 1
github.com/nrc-no/core/pkg/apps/iam/individual_post.go:41.2,41.38 1 1
github.com/nrc-no/core/pkg/apps/iam/individual_post.go:12.49,15.3 2 0
github.com/nrc-no/core/pkg/apps/iam/individual_post.go:17.25,19.3 1 0
github.com/nrc-no/core/pkg/apps/iam/individual_post.go:22.49,23.23 1 1
github.com/nrc-no/core/pkg/apps/iam/individual_post.go:26.3,26.32 1 1
github.com/nrc-no/core/pkg/apps/iam/individual_post.go:23.23,24.12 1 0
github.com/nrc-no/core/pkg/apps/iam/individual_post.go:26.32,27.23 1 1
github.com/nrc-no/core/pkg/apps/iam/individual_post.go:30.4,30.42 1 1
github.com/nrc-no/core/pkg/apps/iam/individual_post.go:27.23,28.13 1 0
github.com/nrc-no/core/pkg/apps/iam/individual_post.go:36.67,39.3 2 0
github.com/nrc-no/core/pkg/apps/iam/relationship_client.go:14.92,18.2 3 1
github.com/nrc-no/core/pkg/apps/iam/relationship_client.go:20.106,24.2 3 1
github.com/nrc-no/core/pkg/apps/iam/relationship_client.go:26.106,30.2 3 1
github.com/nrc-no/core/pkg/apps/iam/relationship_client.go:32.123,36.2 3 1
github.com/nrc-no/core/pkg/apps/iam/relationship_client.go:38.78,40.2 1 0
github.com/nrc-no/core/pkg/apps/iam/types.go:46.56,47.31 1 0
github.com/nrc-no/core/pkg/apps/iam/types.go:52.2,52.12 1 0
github.com/nrc-no/core/pkg/apps/iam/types.go:47.31,48.20 1 0
github.com/nrc-no/core/pkg/apps/iam/types.go:48.20,50.4 1 0
github.com/nrc-no/core/pkg/apps/iam/types.go:59.49,60.30 1 1
github.com/nrc-no/core/pkg/apps/iam/types.go:65.2,65.11 1 0
github.com/nrc-no/core/pkg/apps/iam/types.go:60.30,61.22 1 1
github.com/nrc-no/core/pkg/apps/iam/types.go:61.22,63.4 1 1
github.com/nrc-no/core/pkg/apps/iam/types.go:69.49,71.2 1 1
github.com/nrc-no/core/pkg/apps/iam/types.go:74.49,76.2 1 1
github.com/nrc-no/core/pkg/apps/iam/types.go:92.53,93.35 1 1
github.com/nrc-no/core/pkg/apps/iam/types.go:98.2,98.14 1 1
github.com/nrc-no/core/pkg/apps/iam/types.go:93.35,94.21 1 1
github.com/nrc-no/core/pkg/apps/iam/types.go:94.21,96.4 1 1
github.com/nrc-no/core/pkg/apps/iam/types.go:102.48,103.31 1 1
github.com/nrc-no/core/pkg/apps/iam/types.go:106.2,106.52 1 0
github.com/nrc-no/core/pkg/apps/iam/types.go:103.31,105.3 1 1
github.com/nrc-no/core/pkg/apps/iam/types.go:109.33,112.39 1 0
github.com/nrc-no/core/pkg/apps/iam/types.go:119.2,119.44 1 0
github.com/nrc-no/core/pkg/apps/iam/types.go:126.2,126.38 1 0
github.com/nrc-no/core/pkg/apps/iam/types.go:131.2,131.13 1 0
github.com/nrc-no/core/pkg/apps/iam/types.go:112.39,116.3 1 0
github.com/nrc-no/core/pkg/apps/iam/types.go:119.44,123.3 1 0
github.com/nrc-no/core/pkg/apps/iam/types.go:126.38,128.3 1 0
github.com/nrc-no/core/pkg/apps/iam/types.go:135.52,136.37 1 0
github.com/nrc-no/core/pkg/apps/iam/types.go:139.2,139.12 1 0
github.com/nrc-no/core/pkg/apps/iam/types.go:136.37,138.3 1 0
github.com/nrc-no/core/pkg/apps/iam/types.go:143.41,144.37 1 1
github.com/nrc-no/core/pkg/apps/iam/types.go:149.2,149.11 1 0
github.com/nrc-no/core/pkg/apps/iam/types.go:144.37,145.17 1 1
github.com/nrc-no/core/pkg/apps/iam/types.go:145.17,147.4 1 1
github.com/nrc-no/core/pkg/apps/iam/types.go:153.48,156.2 2 1
github.com/nrc-no/core/pkg/apps/iam/types.go:159.61,160.37 1 0
github.com/nrc-no/core/pkg/apps/iam/types.go:163.2,163.12 1 0
github.com/nrc-no/core/pkg/apps/iam/types.go:160.37,162.3 1 0
github.com/nrc-no/core/pkg/apps/iam/types.go:172.49,173.29 1 0
github.com/nrc-no/core/pkg/apps/iam/types.go:178.2,178.12 1 0
github.com/nrc-no/core/pkg/apps/iam/types.go:173.29,174.17 1 0
github.com/nrc-no/core/pkg/apps/iam/types.go:174.17,176.4 1 0
github.com/nrc-no/core/pkg/apps/iam/types.go:201.56,202.31 1 0
github.com/nrc-no/core/pkg/apps/iam/types.go:207.2,207.12 1 0
github.com/nrc-no/core/pkg/apps/iam/types.go:202.31,203.20 1 0
github.com/nrc-no/core/pkg/apps/iam/types.go:203.20,205.4 1 0
github.com/nrc-no/core/pkg/apps/iam/types.go:240.61,242.28 2 0
github.com/nrc-no/core/pkg/apps/iam/types.go:246.2,246.12 1 0
github.com/nrc-no/core/pkg/apps/iam/types.go:242.28,245.3 2 0
github.com/nrc-no/core/pkg/apps/iam/types.go:255.47,260.2 1 0
github.com/nrc-no/core/pkg/apps/iam/types.go:285.55,287.29 2 0
github.com/nrc-no/core/pkg/apps/iam/types.go:290.2,297.3 1 0
github.com/nrc-no/core/pkg/apps/iam/types.go:287.29,289.3 1 0
github.com/nrc-no/core/pkg/apps/iam/types.go:308.43,318.2 1 1
github.com/nrc-no/core/pkg/apps/iam/types.go:320.37,323.22 2 0
github.com/nrc-no/core/pkg/apps/iam/types.go:327.2,328.9 2 0
github.com/nrc-no/core/pkg/apps/iam/types.go:332.2,332.29 1 0
github.com/nrc-no/core/pkg/apps/iam/types.go:336.2,338.16 3 0
github.com/nrc-no/core/pkg/apps/iam/types.go:342.2,346.17 4 0
github.com/nrc-no/core/pkg/apps/iam/types.go:323.22,325.3 1 0
github.com/nrc-no/core/pkg/apps/iam/types.go:328.9,330.3 1 0
github.com/nrc-no/core/pkg/apps/iam/types.go:332.29,334.3 1 0
github.com/nrc-no/core/pkg/apps/iam/types.go:338.16,340.3 1 0
github.com/nrc-no/core/pkg/apps/iam/types.go:350.38,355.35 3 0
github.com/nrc-no/core/pkg/apps/iam/types.go:359.2,359.13 1 0
github.com/nrc-no/core/pkg/apps/iam/types.go:355.35,357.3 1 0
github.com/nrc-no/core/pkg/apps/iam/types.go:367.32,369.2 1 0
github.com/nrc-no/core/pkg/apps/iam/types.go:375.46,376.31 1 0
github.com/nrc-no/core/pkg/apps/iam/types.go:381.2,381.12 1 0
github.com/nrc-no/core/pkg/apps/iam/types.go:376.31,377.20 1 0
github.com/nrc-no/core/pkg/apps/iam/types.go:377.20,379.4 1 0
github.com/nrc-no/core/pkg/apps/iam/individual_get.go:7.74,11.40 3 1
github.com/nrc-no/core/pkg/apps/iam/individual_get.go:15.2,16.16 2 1
github.com/nrc-no/core/pkg/apps/iam/individual_get.go:21.2,21.29 1 1
github.com/nrc-no/core/pkg/apps/iam/individual_get.go:11.40,13.3 1 0
github.com/nrc-no/core/pkg/apps/iam/individual_get.go:16.16,19.3 2 0
github.com/nrc-no/core/pkg/apps/iam/attribute_post.go:8.75,13.40 3 1
github.com/nrc-no/core/pkg/apps/iam/attribute_post.go:17.2,17.16 1 1
github.com/nrc-no/core/pkg/apps/iam/attribute_post.go:21.2,21.57 1 1
github.com/nrc-no/core/pkg/apps/iam/attribute_post.go:26.2,26.29 1 1
github.com/nrc-no/core/pkg/apps/iam/attribute_post.go:13.40,15.3 1 0
github.com/nrc-no/core/pkg/apps/iam/attribute_post.go:17.16,19.3 1 1
github.com/nrc-no/core/pkg/apps/iam/attribute_post.go:21.57,24.3 2 0
github.com/nrc-no/core/pkg/apps/iam/membership_post.go:8.75,12.46 3 1
github.com/nrc-no/core/pkg/apps/iam/membership_post.go:17.2,19.16 2 1
github.com/nrc-no/core/pkg/apps/iam/membership_post.go:23.2,23.57 1 1
github.com/nrc-no/core/pkg/apps/iam/membership_post.go:28.2,28.29 1 1
github.com/nrc-no/core/pkg/apps/iam/membership_post.go:12.46,15.3 2 0
github.com/nrc-no/core/pkg/apps/iam/membership_post.go:19.16,21.3 1 0
github.com/nrc-no/core/pkg/apps/iam/membership_post.go:23.57,26.3 2 0
github.com/nrc-no/core/pkg/apps/iam/team_get.go:7.68,11.40 3 1
github.com/nrc-no/core/pkg/apps/iam/team_get.go:15.2,16.16 2 1
github.com/nrc-no/core/pkg/apps/iam/team_get.go:21.2,21.31 1 1
github.com/nrc-no/core/pkg/apps/iam/team_get.go:11.40,13.3 1 0
github.com/nrc-no/core/pkg/apps/iam/team_get.go:16.16,19.3 2 0
github.com/nrc-no/core/pkg/apps/iam/team_store.go:12.54,16.2 1 1
github.com/nrc-no/core/pkg/apps/iam/team_store.go:18.72,21.16 2 1
github.com/nrc-no/core/pkg/apps/iam/team_store.go:25.2,25.39 1 1
github.com/nrc-no/core/pkg/apps/iam/team_store.go:29.2,29.31 1 1
github.com/nrc-no/core/pkg/apps/iam/team_store.go:21.16,23.3 1 0
github.com/nrc-no/core/pkg/apps/iam/team_store.go:25.39,27.3 1 0
github.com/nrc-no/core/pkg/apps/iam/team_store.go:32.37,38.2 2 1
github.com/nrc-no/core/pkg/apps/iam/team_store.go:40.40,50.2 1 1
github.com/nrc-no/core/pkg/apps/iam/team_store.go:52.66,56.16 2 1
github.com/nrc-no/core/pkg/apps/iam/team_store.go:60.2,61.32 2 1
github.com/nrc-no/core/pkg/apps/iam/team_store.go:65.2,67.8 1 1
github.com/nrc-no/core/pkg/apps/iam/team_store.go:56.16,58.3 1 0
github.com/nrc-no/core/pkg/apps/iam/team_store.go:61.32,63.3 1 1
github.com/nrc-no/core/pkg/apps/iam/team_store.go:70.67,72.56 2 0
github.com/nrc-no/core/pkg/apps/iam/team_store.go:75.2,75.12 1 0
github.com/nrc-no/core/pkg/apps/iam/team_store.go:72.56,74.3 1 0
github.com/nrc-no/core/pkg/apps/iam/team_store.go:78.67,80.56 2 1
github.com/nrc-no/core/pkg/apps/iam/team_store.go:83.2,83.12 1 1
github.com/nrc-no/core/pkg/apps/iam/team_store.go:80.56,82.3 1 0
github.com/nrc-no/core/pkg/apps/iam/attribute_get.go:7.73,12.40 3 1
github.com/nrc-no/core/pkg/apps/iam/attribute_get.go:16.2,17.16 2 1
github.com/nrc-no/core/pkg/apps/iam/attribute_get.go:22.2,22.29 1 1
github.com/nrc-no/core/pkg/apps/iam/attribute_get.go:12.40,14.3 1 0
github.com/nrc-no/core/pkg/apps/iam/attribute_get.go:17.16,20.3 2 0
github.com/nrc-no/core/pkg/apps/iam/attribute_list.go:7.75,12.78 3 1
github.com/nrc-no/core/pkg/apps/iam/attribute_list.go:17.2,18.16 2 1
github.com/nrc-no/core/pkg/apps/iam/attribute_list.go:23.2,23.32 1 1
github.com/nrc-no/core/pkg/apps/iam/attribute_list.go:12.78,15.3 2 0
github.com/nrc-no/core/pkg/apps/iam/attribute_list.go:18.16,21.3 2 0
github.com/nrc-no/core/pkg/apps/iam/partytype_put.go:7.73,11.40 3 0
github.com/nrc-no/core/pkg/apps/iam/partytype_put.go:15.2,16.16 2 0
github.com/nrc-no/core/pkg/apps/iam/partytype_put.go:21.2,22.46 2 0
github.com/nrc-no/core/pkg/apps/iam/partytype_put.go:27.2,30.56 3 0
github.com/nrc-no/core/pkg/apps/iam/partytype_put.go:35.2,35.29 1 0
github.com/nrc-no/core/pkg/apps/iam/partytype_put.go:11.40,13.3 1 0
github.com/nrc-no/core/pkg/apps/iam/partytype_put.go:16.16,19.3 2 0
github.com/nrc-no/core/pkg/apps/iam/partytype_put.go:22.46,25.3 2 0
github.com/nrc-no/core/pkg/apps/iam/partytype_put.go:30.56,33.3 2 0
github.com/nrc-no/core/pkg/apps/iam/relationshiptype_client.go:14.100,18.2 3 1
github.com/nrc-no/core/pkg/apps/iam/relationshiptype_client.go:20.118,24.2 3 1
github.com/nrc-no/core/pkg/apps/iam/relationshiptype_client.go:26.118,30.2 3 1
github.com/nrc-no/core/pkg/apps/iam/relationshiptype_client.go:32.135,36.2 3 1
github.com/nrc-no/core/pkg/apps/iam/relationshiptype_get.go:7.80,11.40 3 1
github.com/nrc-no/core/pkg/apps/iam/relationshiptype_get.go:15.2,16.16 2 1
github.com/nrc-no/core/pkg/apps/iam/relationshiptype_get.go:21.2,21.31 1 1
github.com/nrc-no/core/pkg/apps/iam/relationshiptype_get.go:11.40,13.3 1 0
github.com/nrc-no/core/pkg/apps/iam/relationshiptype_get.go:16.16,19.3 2 0
github.com/nrc-no/core/pkg/apps/iam/team_post.go:8.69,12.46 3 1
github.com/nrc-no/core/pkg/apps/iam/team_post.go:17.2,20.54 3 1
github.com/nrc-no/core/pkg/apps/iam/team_post.go:25.2,25.32 1 1
github.com/nrc-no/core/pkg/apps/iam/team_post.go:12.46,15.3 2 0
github.com/nrc-no/core/pkg/apps/iam/team_post.go:20.54,23.3 2 0
github.com/nrc-no/core/pkg/apps/iam/party_put.go:7.69,11.40 3 1
github.com/nrc-no/core/pkg/apps/iam/party_put.go:15.2,16.16 2 1
github.com/nrc-no/core/pkg/apps/iam/party_put.go:21.2,22.46 2 1
github.com/nrc-no/core/pkg/apps/iam/party_put.go:27.2,30.52 3 1
github.com/nrc-no/core/pkg/apps/iam/party_put.go:35.2,35.29 1 1
github.com/nrc-no/core/pkg/apps/iam/party_put.go:11.40,13.3 1 0
github.com/nrc-no/core/pkg/apps/iam/party_put.go:16.16,19.3 2 0
github.com/nrc-no/core/pkg/apps/iam/party_put.go:22.46,25.3 2 0
github.com/nrc-no/core/pkg/apps/iam/party_put.go:30.52,33.3 2 0
github.com/nrc-no/core/pkg/apps/iam/party_client.go:14.78,18.2 3 1
github.com/nrc-no/core/pkg/apps/iam/party_client.go:20.85,24.2 3 1
github.com/nrc-no/core/pkg/apps/iam/party_client.go:26.85,30.2 3 1
github.com/nrc-no/core/pkg/apps/iam/party_client.go:32.102,36.2 3 1
github.com/nrc-no/core/pkg/apps/iam/party_client.go:38.106,42.2 3 0
github.com/nrc-no/core/pkg/apps/iam/partytype_post.go:8.74,12.46 3 1
github.com/nrc-no/core/pkg/apps/iam/partytype_post.go:17.2,20.56 3 1
github.com/nrc-no/core/pkg/apps/iam/partytype_post.go:25.2,25.29 1 1
github.com/nrc-no/core/pkg/apps/iam/partytype_post.go:12.46,15.3 2 0
github.com/nrc-no/core/pkg/apps/iam/partytype_post.go:20.56,23.3 2 0
github.com/nrc-no/core/pkg/apps/iam/partytype_store.go:15.122,24.16 5 1
github.com/nrc-no/core/pkg/apps/iam/partytype_store.go:28.2,33.17 1 1
github.com/nrc-no/core/pkg/apps/iam/partytype_store.go:37.2,37.19 1 1
github.com/nrc-no/core/pkg/apps/iam/partytype_store.go:24.16,26.3 1 0
github.com/nrc-no/core/pkg/apps/iam/partytype_store.go:33.17,35.3 1 0
github.com/nrc-no/core/pkg/apps/iam/partytype_store.go:40.82,42.16 2 1
github.com/nrc-no/core/pkg/apps/iam/partytype_store.go:45.2,48.22 2 1
github.com/nrc-no/core/pkg/apps/iam/partytype_store.go:51.2,52.39 2 1
github.com/nrc-no/core/pkg/apps/iam/partytype_store.go:55.2,55.16 1 1
github.com/nrc-no/core/pkg/apps/iam/partytype_store.go:42.16,44.3 1 0
github.com/nrc-no/core/pkg/apps/iam/partytype_store.go:48.22,50.3 1 0
github.com/nrc-no/core/pkg/apps/iam/partytype_store.go:52.39,54.3 1 0
github.com/nrc-no/core/pkg/apps/iam/partytype_store.go:58.110,63.16 3 1
github.com/nrc-no/core/pkg/apps/iam/partytype_store.go:67.2,68.16 2 1
github.com/nrc-no/core/pkg/apps/iam/partytype_store.go:71.2,72.6 2 1
github.com/nrc-no/core/pkg/apps/iam/partytype_store.go:82.2,82.22 1 1
github.com/nrc-no/core/pkg/apps/iam/partytype_store.go:85.2,88.18 2 1
github.com/nrc-no/core/pkg/apps/iam/partytype_store.go:63.16,65.3 1 0
github.com/nrc-no/core/pkg/apps/iam/partytype_store.go:68.16,70.3 1 0
github.com/nrc-no/core/pkg/apps/iam/partytype_store.go:72.6,73.21 1 1
github.com/nrc-no/core/pkg/apps/iam/partytype_store.go:76.3,77.40 2 1
github.com/nrc-no/core/pkg/apps/iam/partytype_store.go:80.3,80.28 1 1
github.com/nrc-no/core/pkg/apps/iam/partytype_store.go:73.21,74.9 1 1
github.com/nrc-no/core/pkg/apps/iam/partytype_store.go:77.40,79.4 1 0
github.com/nrc-no/core/pkg/apps/iam/partytype_store.go:82.22,84.3 1 0
github.com/nrc-no/core/pkg/apps/iam/partytype_store.go:91.82,93.16 2 0
github.com/nrc-no/core/pkg/apps/iam/partytype_store.go:96.2,104.16 2 0
github.com/nrc-no/core/pkg/apps/iam/partytype_store.go:107.2,107.12 1 0
github.com/nrc-no/core/pkg/apps/iam/partytype_store.go:93.16,95.3 1 0
github.com/nrc-no/core/pkg/apps/iam/partytype_store.go:104.16,106.3 1 0
github.com/nrc-no/core/pkg/apps/iam/partytype_store.go:110.82,112.16 2 1
github.com/nrc-no/core/pkg/apps/iam/partytype_store.go:115.2,116.16 2 1
github.com/nrc-no/core/pkg/apps/iam/partytype_store.go:119.2,119.12 1 1
github.com/nrc-no/core/pkg/apps/iam/partytype_store.go:112.16,114.3 1 0
github.com/nrc-no/core/pkg/apps/iam/partytype_store.go:116.16,118.3 1 0
github.com/nrc-no/core/pkg/apps/iam/individual_store.go:14.94,19.2 2 1
github.com/nrc-no/core/pkg/apps/iam/individual_store.go:21.85,24.16 3 1
github.com/nrc-no/core/pkg/apps/iam/individual_store.go:27.2,28.16 2 1
github.com/nrc-no/core/pkg/apps/iam/individual_store.go:31.2,31.12 1 1
github.com/nrc-no/core/pkg/apps/iam/individual_store.go:24.16,26.3 1 0
github.com/nrc-no/core/pkg/apps/iam/individual_store.go:28.16,30.3 1 0
github.com/nrc-no/core/pkg/apps/iam/individual_store.go:34.84,36.16 2 1
github.com/nrc-no/core/pkg/apps/iam/individual_store.go:39.2,40.29 2 1
github.com/nrc-no/core/pkg/apps/iam/individual_store.go:43.2,44.55 2 1
github.com/nrc-no/core/pkg/apps/iam/individual_store.go:47.2,47.24 1 1
github.com/nrc-no/core/pkg/apps/iam/individual_store.go:36.16,38.3 1 0
github.com/nrc-no/core/pkg/apps/iam/individual_store.go:40.29,42.3 1 0
github.com/nrc-no/core/pkg/apps/iam/individual_store.go:44.55,46.3 1 0
github.com/nrc-no/core/pkg/apps/iam/individual_store.go:50.85,52.16 2 1
github.com/nrc-no/core/pkg/apps/iam/individual_store.go:55.2,65.16 3 1
github.com/nrc-no/core/pkg/apps/iam/individual_store.go:68.2,68.12 1 1
github.com/nrc-no/core/pkg/apps/iam/individual_store.go:52.16,54.3 1 0
github.com/nrc-no/core/pkg/apps/iam/individual_store.go:65.16,67.3 1 0
github.com/nrc-no/core/pkg/apps/iam/individual_store.go:71.113,75.55 2 1
github.com/nrc-no/core/pkg/apps/iam/individual_store.go:81.2,81.34 1 1
github.com/nrc-no/core/pkg/apps/iam/individual_store.go:85.2,91.49 2 1
github.com/nrc-no/core/pkg/apps/iam/individual_store.go:95.2,96.16 2 1
github.com/nrc-no/core/pkg/apps/iam/individual_store.go:100.2,101.16 2 1
github.com/nrc-no/core/pkg/apps/iam/individual_store.go:104.2,105.6 2 1
github.com/nrc-no/core/pkg/apps/iam/individual_store.go:115.2,115.25 1 1
github.com/nrc-no/core/pkg/apps/iam/individual_store.go:118.2,118.18 1 1
github.com/nrc-no/core/pkg/apps/iam/individual_store.go:121.2,123.8 1 1
github.com/nrc-no/core/pkg/apps/iam/individual_store.go:75.55,76.44 1 1
github.com/nrc-no/core/pkg/apps/iam/individual_store.go:76.44,78.4 1 1
github.com/nrc-no/core/pkg/apps/iam/individual_store.go:81.34,83.3 1 1
github.com/nrc-no/core/pkg/apps/iam/individual_store.go:91.49,93.3 1 1
github.com/nrc-no/core/pkg/apps/iam/individual_store.go:96.16,98.3 1 0
github.com/nrc-no/core/pkg/apps/iam/individual_store.go:101.16,103.3 1 0
github.com/nrc-no/core/pkg/apps/iam/individual_store.go:105.6,106.24 1 1
github.com/nrc-no/core/pkg/apps/iam/individual_store.go:109.3,110.43 2 1
github.com/nrc-no/core/pkg/apps/iam/individual_store.go:113.3,113.28 1 1
github.com/nrc-no/core/pkg/apps/iam/individual_store.go:106.24,107.9 1 1
github.com/nrc-no/core/pkg/apps/iam/individual_store.go:110.43,112.4 1 0
github.com/nrc-no/core/pkg/apps/iam/individual_store.go:115.25,117.3 1 0
github.com/nrc-no/core/pkg/apps/iam/individual_store.go:118.18,120.3 1 1
github.com/nrc-no/core/pkg/apps/iam/partytype_list.go:7.75,11.78 3 1
github.com/nrc-no/core/pkg/apps/iam/partytype_list.go:16.2,17.16 2 1
github.com/nrc-no/core/pkg/apps/iam/partytype_list.go:22.2,22.31 1 1
github.com/nrc-no/core/pkg/apps/iam/partytype_list.go:11.78,14.3 2 0
github.com/nrc-no/core/pkg/apps/iam/partytype_list.go:17.16,20.3 2 0
github.com/nrc-no/core/pkg/apps/iam/relationshiptype_list.go:7.82,11.78 3 1
github.com/nrc-no/core/pkg/apps/iam/relationshiptype_list.go:16.2,17.16 2 1
github.com/nrc-no/core/pkg/apps/iam/relationshiptype_list.go:22.2,22.31 1 1
github.com/nrc-no/core/pkg/apps/iam/relationshiptype_list.go:11.78,14.3 2 0
github.com/nrc-no/core/pkg/apps/iam/relationshiptype_list.go:17.16,20.3 2 0
github.com/nrc-no/core/pkg/apps/iam/membership_get.go:7.74,11.40 3 1
github.com/nrc-no/core/pkg/apps/iam/membership_get.go:14.2,15.16 2 1
github.com/nrc-no/core/pkg/apps/iam/membership_get.go:20.2,20.31 1 1
github.com/nrc-no/core/pkg/apps/iam/membership_get.go:11.40,13.3 1 0
github.com/nrc-no/core/pkg/apps/iam/membership_get.go:15.16,18.3 2 0
